{"/Users/lanle98/Desktop/piggies-be/src/app.ts": {"path":"/Users/lanle98/Desktop/piggies-be/src/app.ts","statementMap":{"0":{"start":{"line":1,"column":0},"end":{"line":1,"column":23}},"1":{"start":{"line":2,"column":0},"end":{"line":2,"column":15}},"2":{"start":{"line":4,"column":0},"end":{"line":4,"column":37}},"3":{"start":{"line":5,"column":0},"end":{"line":5,"column":43}},"4":{"start":{"line":6,"column":0},"end":{"line":6,"column":46}},"5":{"start":{"line":7,"column":0},"end":{"line":7,"column":24}},"6":{"start":{"line":9,"column":0},"end":{"line":9,"column":30}},"7":{"start":{"line":10,"column":0},"end":{"line":10,"column":51}},"8":{"start":{"line":11,"column":0},"end":{"line":11,"column":28}},"9":{"start":{"line":12,"column":0},"end":{"line":12,"column":49}},"10":{"start":{"line":13,"column":0},"end":{"line":13,"column":32}},"11":{"start":{"line":14,"column":0},"end":{"line":14,"column":33}},"12":{"start":{"line":16,"column":21},"end":{"line":16,"column":30}},"13":{"start":{"line":21,"column":0},"end":{"line":21,"column":31}},"14":{"start":{"line":27,"column":0},"end":{"line":27,"column":24}},"15":{"start":{"line":30,"column":0},"end":{"line":30,"column":18}},"16":{"start":{"line":32,"column":0},"end":{"line":32,"column":27}},"17":{"start":{"line":35,"column":0},"end":{"line":35,"column":27}},"18":{"start":{"line":38,"column":0},"end":{"line":38,"column":51}},"19":{"start":{"line":41,"column":0},"end":{"line":41,"column":25}},"20":{"start":{"line":44,"column":0},"end":{"line":44,"column":25}},"21":{"start":{"line":47,"column":0},"end":{"line":47,"column":22}},"22":{"start":{"line":54,"column":0},"end":{"line":54,"column":19}}},"fnMap":{},"branchMap":{},"s":{"0":1,"1":1,"2":1,"3":1,"4":1,"5":1,"6":1,"7":1,"8":1,"9":1,"10":1,"11":1,"12":1,"13":1,"14":1,"15":1,"16":1,"17":1,"18":1,"19":1,"20":1,"21":1,"22":1},"f":{},"b":{}}
,"/Users/lanle98/Desktop/piggies-be/src/configs/index.ts": {"path":"/Users/lanle98/Desktop/piggies-be/src/configs/index.ts","statementMap":{"0":{"start":{"line":1,"column":0},"end":{"line":1,"column":22}},"1":{"start":{"line":3,"column":22},"end":{"line":28,"column":12}},"2":{"start":{"line":30,"column":34},"end":{"line":32,"column":24}},"3":{"start":{"line":30,"column":22},"end":{"line":30,"column":24}},"4":{"start":{"line":30,"column":29},"end":{"line":30,"column":34}},"5":{"start":{"line":34,"column":0},"end":{"line":36,"column":null}},"6":{"start":{"line":35,"column":2},"end":{"line":35,"column":63}},"7":{"start":{"line":38,"column":16},"end":{"line":58,"column":2}},"8":{"start":{"line":60,"column":0},"end":{"line":60,"column":23}}},"fnMap":{},"branchMap":{"0":{"loc":{"start":{"line":34,"column":0},"end":{"line":36,"column":null}},"type":"if","locations":[{"start":{"line":34,"column":0},"end":{"line":36,"column":null}}]}},"s":{"0":1,"1":1,"2":1,"3":1,"4":1,"5":1,"6":0,"7":1,"8":1},"f":{},"b":{"0":[0]}}
,"/Users/lanle98/Desktop/piggies-be/src/configs/cors/index.ts": {"path":"/Users/lanle98/Desktop/piggies-be/src/configs/cors/index.ts","statementMap":{"0":{"start":{"line":2,"column":0},"end":{"line":2,"column":48}},"1":{"start":{"line":3,"column":0},"end":{"line":3,"column":50}},"2":{"start":{"line":5,"column":13},"end":{"line":5,"column":77}},"3":{"start":{"line":7,"column":13},"end":{"line":16,"column":2}},"4":{"start":{"line":9,"column":4},"end":{"line":12,"column":null}},"5":{"start":{"line":10,"column":6},"end":{"line":10,"column":27}},"6":{"start":{"line":11,"column":6},"end":{"line":11,"column":13}},"7":{"start":{"line":14,"column":4},"end":{"line":14,"column":75}}},"fnMap":{"0":{"name":"(anonymous_1)","decl":{"start":{"line":8,"column":10},"end":{"line":8,"column":11}},"loc":{"start":{"line":8,"column":27},"end":{"line":15,"column":3}}}},"branchMap":{"0":{"loc":{"start":{"line":9,"column":4},"end":{"line":12,"column":null}},"type":"if","locations":[{"start":{"line":9,"column":4},"end":{"line":12,"column":null}}]},"1":{"loc":{"start":{"line":9,"column":8},"end":{"line":9,"column":59}},"type":"binary-expr","locations":[{"start":{"line":9,"column":8},"end":{"line":9,"column":48}},{"start":{"line":9,"column":52},"end":{"line":9,"column":59}}]},"2":{"loc":{"start":{"line":9,"column":28},"end":{"line":9,"column":40}},"type":"binary-expr","locations":[{"start":{"line":9,"column":28},"end":{"line":9,"column":34}},{"start":{"line":9,"column":38},"end":{"line":9,"column":40}}]}},"s":{"0":1,"1":1,"2":1,"3":1,"4":5,"5":5,"6":5,"7":0},"f":{"0":5},"b":{"0":[5],"1":[5,5],"2":[5,5]}}
,"/Users/lanle98/Desktop/piggies-be/src/configs/logger/index.ts": {"path":"/Users/lanle98/Desktop/piggies-be/src/configs/logger/index.ts","statementMap":{"0":{"start":{"line":1,"column":0},"end":{"line":1,"column":59}},"1":{"start":{"line":3,"column":20},"end":{"line":3,"column":31}},"2":{"start":{"line":5,"column":15},"end":{"line":7,"column":2}},"3":{"start":{"line":9,"column":25},"end":{"line":15,"column":2}},"4":{"start":{"line":10,"column":2},"end":{"line":13,"column":null}},"5":{"start":{"line":12,"column":4},"end":{"line":12,"column":17}},"6":{"start":{"line":14,"column":2},"end":{"line":14,"column":14}},"7":{"start":{"line":16,"column":25},"end":{"line":26,"column":2}},"8":{"start":{"line":23,"column":6},"end":{"line":23,"column":64}},"9":{"start":{"line":27,"column":0},"end":{"line":27,"column":29}},"10":{"start":{"line":29,"column":0},"end":{"line":29,"column":22}}},"fnMap":{"0":{"name":"(anonymous_0)","decl":{"start":{"line":9,"column":32},"end":{"line":9,"column":33}},"loc":{"start":{"line":9,"column":37},"end":{"line":15,"column":1}}},"1":{"name":"(anonymous_1)","decl":{"start":{"line":22,"column":18},"end":{"line":22,"column":19}},"loc":{"start":{"line":22,"column":23},"end":{"line":24,"column":5}}}},"branchMap":{"0":{"loc":{"start":{"line":10,"column":2},"end":{"line":13,"column":null}},"type":"if","locations":[{"start":{"line":10,"column":2},"end":{"line":13,"column":null}}]}},"s":{"0":1,"1":1,"2":1,"3":1,"4":0,"5":0,"6":0,"7":1,"8":0,"9":1,"10":1},"f":{"0":0,"1":0},"b":{"0":[0]}}
,"/Users/lanle98/Desktop/piggies-be/src/configs/passport/google.ts": {"path":"/Users/lanle98/Desktop/piggies-be/src/configs/passport/google.ts","statementMap":{"0":{"start":{"line":1,"column":0},"end":{"line":1,"column":30}},"1":{"start":{"line":2,"column":0},"end":{"line":2,"column":43}},"2":{"start":{"line":3,"column":0},"end":{"line":3,"column":32}},"3":{"start":{"line":4,"column":0},"end":{"line":4,"column":69}},"4":{"start":{"line":7,"column":2},"end":{"line":24,"column":4}},"5":{"start":{"line":15,"column":21},"end":{"line":19,"column":null}},"6":{"start":{"line":15,"column":14},"end":{"line":19,"column":null}},"7":{"start":{"line":21,"column":8},"end":{"line":21,"column":32}},"8":{"start":{"line":6,"column":0},"end":{"line":6,"column":24}}},"fnMap":{"0":{"name":"google","decl":{"start":{"line":6,"column":24},"end":{"line":6,"column":30}},"loc":{"start":{"line":6,"column":30},"end":{"line":25,"column":1}}},"1":{"name":"(anonymous_15)","decl":{"start":{"line":14,"column":6},"end":{"line":14,"column":22}},"loc":{"start":{"line":14,"column":64},"end":{"line":22,"column":null}}}},"branchMap":{"0":{"loc":{"start":{"line":15,"column":21},"end":{"line":19,"column":null}},"type":"switch","locations":[{"start":{"line":15,"column":21},"end":{"line":19,"column":null}}]},"1":{"loc":{"start":{"line":16,"column":17},"end":{"line":16,"column":50}},"type":"binary-expr","locations":[{"start":{"line":16,"column":17},"end":{"line":16,"column":44}},{"start":{"line":16,"column":48},"end":{"line":16,"column":50}}]},"2":{"loc":{"start":{"line":16,"column":17},"end":{"line":16,"column":44}},"type":"cond-expr","locations":[{"start":{"line":16,"column":37},"end":{"line":16,"column":39}},{"start":{"line":16,"column":37},"end":{"line":16,"column":44}}]},"3":{"loc":{"start":{"line":16,"column":17},"end":{"line":16,"column":39}},"type":"binary-expr","locations":[{"start":{"line":16,"column":17},"end":{"line":16,"column":39}},{"start":{"line":16,"column":37},"end":{"line":16,"column":39}}]},"4":{"loc":{"start":{"line":16,"column":17},"end":{"line":16,"column":37}},"type":"cond-expr","locations":[{"start":{"line":16,"column":32},"end":{"line":16,"column":35}},{"start":{"line":16,"column":32},"end":{"line":16,"column":37}}]},"5":{"loc":{"start":{"line":16,"column":17},"end":{"line":16,"column":35}},"type":"binary-expr","locations":[{"start":{"line":16,"column":17},"end":{"line":16,"column":35}},{"start":{"line":16,"column":32},"end":{"line":16,"column":35}}]},"6":{"loc":{"start":{"line":16,"column":17},"end":{"line":16,"column":32}},"type":"cond-expr","locations":[{"start":{"line":16,"column":24},"end":{"line":16,"column":26}},{"start":{"line":16,"column":17},"end":{"line":16,"column":32}}]},"7":{"loc":{"start":{"line":16,"column":17},"end":{"line":16,"column":26}},"type":"binary-expr","locations":[{"start":{"line":16,"column":17},"end":{"line":16,"column":26}},{"start":{"line":16,"column":17},"end":{"line":16,"column":26}}]},"8":{"loc":{"start":{"line":17,"column":21},"end":{"line":17,"column":50}},"type":"binary-expr","locations":[{"start":{"line":17,"column":21},"end":{"line":17,"column":44}},{"start":{"line":17,"column":48},"end":{"line":17,"column":50}}]},"9":{"loc":{"start":{"line":17,"column":21},"end":{"line":17,"column":44}},"type":"cond-expr","locations":[{"start":{"line":17,"column":33},"end":{"line":17,"column":35}},{"start":{"line":17,"column":33},"end":{"line":17,"column":44}}]},"10":{"loc":{"start":{"line":17,"column":21},"end":{"line":17,"column":35}},"type":"binary-expr","locations":[{"start":{"line":17,"column":21},"end":{"line":17,"column":35}},{"start":{"line":17,"column":33},"end":{"line":17,"column":35}}]},"11":{"loc":{"start":{"line":18,"column":20},"end":{"line":18,"column":50}},"type":"binary-expr","locations":[{"start":{"line":18,"column":20},"end":{"line":18,"column":44}},{"start":{"line":18,"column":48},"end":{"line":18,"column":50}}]},"12":{"loc":{"start":{"line":18,"column":20},"end":{"line":18,"column":44}},"type":"cond-expr","locations":[{"start":{"line":18,"column":32},"end":{"line":18,"column":34}},{"start":{"line":18,"column":32},"end":{"line":18,"column":44}}]},"13":{"loc":{"start":{"line":18,"column":20},"end":{"line":18,"column":34}},"type":"binary-expr","locations":[{"start":{"line":18,"column":20},"end":{"line":18,"column":34}},{"start":{"line":18,"column":32},"end":{"line":18,"column":34}}]}},"s":{"0":1,"1":1,"2":1,"3":1,"4":1,"5":0,"6":0,"7":0,"8":1},"f":{"0":1,"1":0},"b":{"0":[0],"1":[0,0],"2":[0,0],"3":[0,0],"4":[0,0],"5":[0,0],"6":[0,0],"7":[0,0],"8":[0,0],"9":[0,0],"10":[0,0],"11":[0,0],"12":[0,0],"13":[0,0]}}
,"/Users/lanle98/Desktop/piggies-be/src/configs/passport/index.ts": {"path":"/Users/lanle98/Desktop/piggies-be/src/configs/passport/index.ts","statementMap":{"0":{"start":{"line":1,"column":0},"end":{"line":1,"column":30}},"1":{"start":{"line":3,"column":0},"end":{"line":3,"column":26}}},"fnMap":{},"branchMap":{},"s":{"0":1,"1":1},"f":{},"b":{}}
,"/Users/lanle98/Desktop/piggies-be/src/configs/swagger/index.ts": {"path":"/Users/lanle98/Desktop/piggies-be/src/configs/swagger/index.ts","statementMap":{"0":{"start":{"line":1,"column":0},"end":{"line":1,"column":30}},"1":{"start":{"line":3,"column":27},"end":{"line":100,"column":2}},"2":{"start":{"line":102,"column":0},"end":{"line":102,"column":34}}},"fnMap":{},"branchMap":{},"s":{"0":1,"1":1,"2":1},"f":{},"b":{}}
,"/Users/lanle98/Desktop/piggies-be/src/middlewares/error/ApiError.ts": {"path":"/Users/lanle98/Desktop/piggies-be/src/middlewares/error/ApiError.ts","statementMap":{"0":{"start":{"line":1,"column":0},"end":{"line":1,"column":null}},"1":{"start":{"line":1,"column":23},"end":{"line":1,"column":28}},"2":{"start":{"line":11,"column":4},"end":{"line":11,"column":null}},"3":{"start":{"line":12,"column":4},"end":{"line":12,"column":null}},"4":{"start":{"line":14,"column":4},"end":{"line":14,"column":null}},"5":{"start":{"line":15,"column":4},"end":{"line":15,"column":33}},"6":{"start":{"line":16,"column":4},"end":{"line":16,"column":39}},"7":{"start":{"line":17,"column":4},"end":{"line":21,"column":null}},"8":{"start":{"line":18,"column":6},"end":{"line":18,"column":25}},"9":{"start":{"line":20,"column":6},"end":{"line":20,"column":54}},"10":{"start":{"line":23,"column":0},"end":{"line":23,"column":null}},"11":{"start":{"line":25,"column":0},"end":{"line":25,"column":24}}},"fnMap":{"0":{"name":"(anonymous_6)","decl":{"start":{"line":1,"column":0},"end":{"line":1,"column":23}},"loc":{"start":{"line":1,"column":0},"end":{"line":23,"column":null}}},"1":{"name":"ApiError","decl":{"start":{"line":8,"column":2},"end":{"line":8,"column":null}},"loc":{"start":{"line":12,"column":14},"end":{"line":22,"column":3}}}},"branchMap":{"0":{"loc":{"start":{"line":11,"column":4},"end":{"line":11,"column":null}},"type":"if","locations":[{"start":{"line":11,"column":4},"end":{"line":11,"column":null}}]},"1":{"loc":{"start":{"line":12,"column":4},"end":{"line":12,"column":null}},"type":"if","locations":[{"start":{"line":12,"column":4},"end":{"line":12,"column":null}}]},"2":{"loc":{"start":{"line":14,"column":4},"end":{"line":14,"column":null}},"type":"binary-expr","locations":[{"start":{"line":14,"column":4},"end":{"line":14,"column":18}},{"start":{"line":14,"column":18},"end":{"line":14,"column":null}}]},"3":{"loc":{"start":{"line":17,"column":4},"end":{"line":21,"column":null}},"type":"if","locations":[{"start":{"line":17,"column":4},"end":{"line":21,"column":null}},{"start":{"line":19,"column":11},"end":{"line":21,"column":null}}]}},"s":{"0":1,"1":1,"2":4,"3":4,"4":2,"5":2,"6":2,"7":2,"8":0,"9":2,"10":1,"11":1},"f":{"0":1,"1":2},"b":{"0":[2],"1":[2],"2":[2,0],"3":[0,2]}}
,"/Users/lanle98/Desktop/piggies-be/src/middlewares/error/index.ts": {"path":"/Users/lanle98/Desktop/piggies-be/src/middlewares/error/index.ts","statementMap":{"0":{"start":{"line":1,"column":0},"end":{"line":1,"column":36}},"1":{"start":{"line":3,"column":0},"end":{"line":3,"column":48}},"2":{"start":{"line":7,"column":28},"end":{"line":28,"column":1}},"3":{"start":{"line":13,"column":32},"end":{"line":13,"column":36}},"4":{"start":{"line":15,"column":2},"end":{"line":15,"column":31}},"5":{"start":{"line":17,"column":2},"end":{"line":20,"column":null}},"6":{"start":{"line":18,"column":4},"end":{"line":18,"column":51}},"7":{"start":{"line":19,"column":4},"end":{"line":19,"column":49}},"8":{"start":{"line":22,"column":19},"end":{"line":25,"column":4}},"9":{"start":{"line":27,"column":2},"end":{"line":27,"column":40}},"10":{"start":{"line":7,"column":13},"end":{"line":7,"column":28}}},"fnMap":{"0":{"name":"(anonymous_1)","decl":{"start":{"line":7,"column":28},"end":{"line":7,"column":null}},"loc":{"start":{"line":11,"column":21},"end":{"line":28,"column":1}}}},"branchMap":{"0":{"loc":{"start":{"line":17,"column":2},"end":{"line":20,"column":null}},"type":"if","locations":[{"start":{"line":17,"column":2},"end":{"line":20,"column":null}}]},"1":{"loc":{"start":{"line":19,"column":14},"end":{"line":19,"column":48}},"type":"binary-expr","locations":[{"start":{"line":19,"column":14},"end":{"line":19,"column":21}},{"start":{"line":19,"column":25},"end":{"line":19,"column":48}}]}},"s":{"0":1,"1":1,"2":1,"3":4,"4":2,"5":2,"6":0,"7":0,"8":2,"9":2,"10":1},"f":{"0":2},"b":{"0":[0],"1":[0,0]}}
,"/Users/lanle98/Desktop/piggies-be/src/middlewares/paginate/index.ts": {"path":"/Users/lanle98/Desktop/piggies-be/src/middlewares/paginate/index.ts","statementMap":{"0":{"start":{"line":1,"column":0},"end":{"line":1,"column":34}},"1":{"start":{"line":2,"column":0},"end":{"line":2,"column":58}},"2":{"start":{"line":5,"column":9},"end":{"line":5,"column":26}},"3":{"start":{"line":3,"column":0},"end":{"line":3,"column":60}},"4":{"start":{"line":5,"column":28},"end":{"line":5,"column":46}},"5":{"start":{"line":6,"column":0},"end":{"line":6,"column":24}}},"fnMap":{},"branchMap":{},"s":{"0":1,"1":1,"2":1,"3":1,"4":1,"5":1},"f":{},"b":{}}
,"/Users/lanle98/Desktop/piggies-be/src/middlewares/paginate/paginate.ts": {"path":"/Users/lanle98/Desktop/piggies-be/src/middlewares/paginate/paginate.ts","statementMap":{"0":{"start":{"line":1,"column":0},"end":{"line":1,"column":30}},"1":{"start":{"line":2,"column":0},"end":{"line":2,"column":44}},"2":{"start":{"line":6,"column":30},"end":{"line":26,"column":1}},"3":{"start":{"line":7,"column":26},"end":{"line":7,"column":67}},"4":{"start":{"line":8,"column":2},"end":{"line":23,"column":5}},"5":{"start":{"line":10,"column":4},"end":{"line":22,"column":null}},"6":{"start":{"line":11,"column":25},"end":{"line":11,"column":45}},"7":{"start":{"line":11,"column":16},"end":{"line":11,"column":18}},"8":{"start":{"line":11,"column":21},"end":{"line":11,"column":25}},"9":{"start":{"line":12,"column":6},"end":{"line":19,"column":null}},"10":{"start":{"line":13,"column":8},"end":{"line":16,"column":10}},"11":{"start":{"line":18,"column":8},"end":{"line":18,"column":36}},"12":{"start":{"line":21,"column":6},"end":{"line":21,"column":69}},"13":{"start":{"line":25,"column":2},"end":{"line":25,"column":25}},"14":{"start":{"line":6,"column":13},"end":{"line":6,"column":30}},"15":{"start":{"line":28,"column":17},"end":{"line":64,"column":2}},"16":{"start":{"line":31,"column":31},"end":{"line":64,"column":2}},"17":{"start":{"line":33,"column":10},"end":{"line":33,"column":55}},"18":{"start":{"line":35,"column":8},"end":{"line":35,"column":50}},"19":{"start":{"line":36,"column":8},"end":{"line":36,"column":46}},"20":{"start":{"line":37,"column":8},"end":{"line":37,"column":43}},"21":{"start":{"line":39,"column":8},"end":{"line":42,"column":44}},"22":{"start":{"line":44,"column":23},"end":{"line":44,"column":null}},"23":{"start":{"line":44,"column":8},"end":{"line":44,"column":null}},"24":{"start":{"line":45,"column":18},"end":{"line":53,"column":null}},"25":{"start":{"line":45,"column":8},"end":{"line":53,"column":null}},"26":{"start":{"line":55,"column":8},"end":{"line":55,"column":59}},"27":{"start":{"line":57,"column":2},"end":{"line":63,"column":4}},"28":{"start":{"line":66,"column":0},"end":{"line":66,"column":24}}},"fnMap":{"0":{"name":"(anonymous_16)","decl":{"start":{"line":6,"column":30},"end":{"line":6,"column":31}},"loc":{"start":{"line":6,"column":58},"end":{"line":26,"column":1}}},"1":{"name":"(anonymous_17)","decl":{"start":{"line":8,"column":39},"end":{"line":8,"column":40}},"loc":{"start":{"line":8,"column":43},"end":{"line":23,"column":3}}},"2":{"name":"(anonymous_18)","decl":{"start":{"line":28,"column":17},"end":{"line":28,"column":null}},"loc":{"start":{"line":31,"column":31},"end":{"line":64,"column":2}}},"3":{"name":"(anonymous_19)","decl":{"start":{"line":31,"column":31},"end":{"line":31,"column":null}},"loc":{"start":{"line":31,"column":31},"end":{"line":64,"column":2}}}},"branchMap":{"0":{"loc":{"start":{"line":10,"column":4},"end":{"line":22,"column":null}},"type":"if","locations":[{"start":{"line":10,"column":4},"end":{"line":22,"column":null}},{"start":{"line":20,"column":11},"end":{"line":22,"column":null}}]},"1":{"loc":{"start":{"line":12,"column":6},"end":{"line":19,"column":null}},"type":"if","locations":[{"start":{"line":12,"column":6},"end":{"line":19,"column":null}},{"start":{"line":17,"column":13},"end":{"line":19,"column":null}}]},"2":{"loc":{"start":{"line":12,"column":10},"end":{"line":12,"column":20}},"type":"binary-expr","locations":[{"start":{"line":12,"column":10},"end":{"line":12,"column":13}},{"start":{"line":12,"column":17},"end":{"line":12,"column":20}}]},"3":{"loc":{"start":{"line":14,"column":14},"end":{"line":14,"column":58}},"type":"cond-expr","locations":[{"start":{"line":14,"column":20},"end":{"line":14,"column":53}},{"start":{"line":14,"column":56},"end":{"line":14,"column":58}}]},"4":{"loc":{"start":{"line":15,"column":14},"end":{"line":15,"column":58}},"type":"cond-expr","locations":[{"start":{"line":15,"column":20},"end":{"line":15,"column":53}},{"start":{"line":15,"column":56},"end":{"line":15,"column":58}}]},"5":{"loc":{"start":{"line":33,"column":16},"end":{"line":33,"column":32}},"type":"cond-expr","locations":[{"start":{"line":33,"column":19},"end":{"line":33,"column":30}},{"start":{"line":33,"column":30},"end":{"line":33,"column":32}}]},"6":{"loc":{"start":{"line":35,"column":17},"end":{"line":35,"column":49}},"type":"cond-expr","locations":[{"start":{"line":35,"column":25},"end":{"line":35,"column":44}},{"start":{"line":35,"column":47},"end":{"line":35,"column":49}}]},"7":{"loc":{"start":{"line":36,"column":16},"end":{"line":36,"column":45}},"type":"cond-expr","locations":[{"start":{"line":36,"column":23},"end":{"line":36,"column":41}},{"start":{"line":36,"column":44},"end":{"line":36,"column":45}}]},"8":{"loc":{"start":{"line":37,"column":30},"end":{"line":37,"column":41}},"type":"binary-expr","locations":[{"start":{"line":37,"column":30},"end":{"line":37,"column":36}},{"start":{"line":37,"column":40},"end":{"line":37,"column":41}}]},"9":{"loc":{"start":{"line":40,"column":4},"end":{"line":42,"column":43}},"type":"cond-expr","locations":[{"start":{"line":41,"column":8},"end":{"line":41,"column":57}},{"start":{"line":42,"column":8},"end":{"line":42,"column":43}}]},"10":{"loc":{"start":{"line":55,"column":21},"end":{"line":55,"column":58}},"type":"binary-expr","locations":[{"start":{"line":55,"column":21},"end":{"line":55,"column":53}},{"start":{"line":55,"column":57},"end":{"line":55,"column":58}}]}},"s":{"0":1,"1":1,"2":1,"3":2,"4":2,"5":0,"6":0,"7":0,"8":0,"9":0,"10":0,"11":0,"12":0,"13":2,"14":1,"15":1,"16":1,"17":1,"18":1,"19":1,"20":1,"21":1,"22":1,"23":1,"24":1,"25":1,"26":1,"27":1,"28":1},"f":{"0":2,"1":0,"2":1,"3":1},"b":{"0":[0,0],"1":[0,0],"2":[0,0],"3":[0,0],"4":[0,0],"5":[1,0],"6":[0,1],"7":[0,1],"8":[1,0],"9":[0,1],"10":[1,1]}}
,"/Users/lanle98/Desktop/piggies-be/src/middlewares/paginate/paginate.validation.ts": {"path":"/Users/lanle98/Desktop/piggies-be/src/middlewares/paginate/paginate.validation.ts","statementMap":{"0":{"start":{"line":1,"column":0},"end":{"line":1,"column":22}},"1":{"start":{"line":3,"column":13},"end":{"line":10,"column":2}}},"fnMap":{},"branchMap":{},"s":{"0":1,"1":1},"f":{},"b":{}}
,"/Users/lanle98/Desktop/piggies-be/src/middlewares/validate/index.ts": {"path":"/Users/lanle98/Desktop/piggies-be/src/middlewares/validate/index.ts","statementMap":{"0":{"start":{"line":2,"column":0},"end":{"line":2,"column":48}},"1":{"start":{"line":3,"column":0},"end":{"line":3,"column":22}},"2":{"start":{"line":4,"column":0},"end":{"line":4,"column":30}},"3":{"start":{"line":5,"column":0},"end":{"line":5,"column":50}},"4":{"start":{"line":8,"column":2},"end":{"line":9,"column":3}},"5":{"start":{"line":9,"column":2},"end":{"line":24,"column":4}},"6":{"start":{"line":10,"column":24},"end":{"line":10,"column":65}},"7":{"start":{"line":11,"column":19},"end":{"line":11,"column":54}},"8":{"start":{"line":12,"column":29},"end":{"line":14,"column":23}},"9":{"start":{"line":12,"column":17},"end":{"line":12,"column":19}},"10":{"start":{"line":12,"column":24},"end":{"line":12,"column":29}},"11":{"start":{"line":16,"column":4},"end":{"line":21,"column":null}},"12":{"start":{"line":17,"column":27},"end":{"line":19,"column":19}},"13":{"start":{"line":18,"column":26},"end":{"line":18,"column":42}},"14":{"start":{"line":20,"column":6},"end":{"line":20,"column":71}},"15":{"start":{"line":22,"column":4},"end":{"line":22,"column":30}},"16":{"start":{"line":23,"column":4},"end":{"line":23,"column":18}},"17":{"start":{"line":26,"column":0},"end":{"line":26,"column":24}}},"fnMap":{"0":{"name":"(anonymous_1)","decl":{"start":{"line":8,"column":2},"end":{"line":8,"column":3}},"loc":{"start":{"line":8,"column":30},"end":{"line":9,"column":3}}},"1":{"name":"(anonymous_2)","decl":{"start":{"line":9,"column":2},"end":{"line":9,"column":3}},"loc":{"start":{"line":9,"column":51},"end":{"line":24,"column":3}}},"2":{"name":"(anonymous_3)","decl":{"start":{"line":18,"column":13},"end":{"line":18,"column":14}},"loc":{"start":{"line":18,"column":21},"end":{"line":18,"column":33}}}},"branchMap":{"0":{"loc":{"start":{"line":16,"column":4},"end":{"line":21,"column":null}},"type":"if","locations":[{"start":{"line":16,"column":4},"end":{"line":21,"column":null}}]}},"s":{"0":1,"1":1,"2":1,"3":1,"4":1,"5":16,"6":5,"7":5,"8":5,"9":5,"10":5,"11":5,"12":2,"13":2,"14":2,"15":3,"16":3,"17":1},"f":{"0":16,"1":5,"2":2},"b":{"0":[2]}}
,"/Users/lanle98/Desktop/piggies-be/src/modules/auth/auth.controller.ts": {"path":"/Users/lanle98/Desktop/piggies-be/src/modules/auth/auth.controller.ts","statementMap":{"0":{"start":{"line":2,"column":0},"end":{"line":2,"column":48}},"1":{"start":{"line":3,"column":0},"end":{"line":3,"column":45}},"2":{"start":{"line":4,"column":0},"end":{"line":4,"column":32}},"3":{"start":{"line":5,"column":0},"end":{"line":5,"column":42}},"4":{"start":{"line":7,"column":0},"end":{"line":7,"column":32}},"5":{"start":{"line":9,"column":13},"end":{"line":11,"column":2}},"6":{"start":{"line":13,"column":13},"end":{"line":18,"column":2}},"7":{"start":{"line":20,"column":13},"end":{"line":24,"column":3}},"8":{"start":{"line":20,"column":66},"end":{"line":24,"column":2}},"9":{"start":{"line":21,"column":15},"end":{"line":21,"column":null}},"10":{"start":{"line":21,"column":8},"end":{"line":21,"column":null}},"11":{"start":{"line":22,"column":17},"end":{"line":22,"column":null}},"12":{"start":{"line":22,"column":8},"end":{"line":22,"column":null}},"13":{"start":{"line":23,"column":2},"end":{"line":23,"column":58}},"14":{"start":{"line":26,"column":13},"end":{"line":29,"column":3}},"15":{"start":{"line":26,"column":74},"end":{"line":29,"column":2}},"16":{"start":{"line":27,"column":25},"end":{"line":27,"column":null}},"17":{"start":{"line":27,"column":8},"end":{"line":27,"column":null}},"18":{"start":{"line":28,"column":2},"end":{"line":28,"column":34}}},"fnMap":{"0":{"name":"(anonymous_16)","decl":{"start":{"line":20,"column":32},"end":{"line":20,"column":39}},"loc":{"start":{"line":20,"column":66},"end":{"line":24,"column":2}}},"1":{"name":"(anonymous_17)","decl":{"start":{"line":20,"column":66},"end":{"line":20,"column":null}},"loc":{"start":{"line":20,"column":66},"end":{"line":24,"column":2}}},"2":{"name":"(anonymous_19)","decl":{"start":{"line":26,"column":40},"end":{"line":26,"column":47}},"loc":{"start":{"line":26,"column":74},"end":{"line":29,"column":2}}},"3":{"name":"(anonymous_20)","decl":{"start":{"line":26,"column":74},"end":{"line":26,"column":null}},"loc":{"start":{"line":26,"column":74},"end":{"line":29,"column":2}}}},"branchMap":{"0":{"loc":{"start":{"line":21,"column":15},"end":{"line":21,"column":null}},"type":"switch","locations":[{"start":{"line":21,"column":15},"end":{"line":21,"column":null}}]},"1":{"loc":{"start":{"line":21,"column":48},"end":{"line":21,"column":70}},"type":"binary-expr","locations":[{"start":{"line":21,"column":48},"end":{"line":21,"column":64}},{"start":{"line":21,"column":68},"end":{"line":21,"column":70}}]},"2":{"loc":{"start":{"line":21,"column":48},"end":{"line":21,"column":64}},"type":"cond-expr","locations":[{"start":{"line":21,"column":57},"end":{"line":21,"column":59}},{"start":{"line":21,"column":57},"end":{"line":21,"column":64}}]},"3":{"loc":{"start":{"line":21,"column":48},"end":{"line":21,"column":59}},"type":"binary-expr","locations":[{"start":{"line":21,"column":48},"end":{"line":21,"column":59}},{"start":{"line":21,"column":57},"end":{"line":21,"column":59}}]},"4":{"loc":{"start":{"line":21,"column":48},"end":{"line":21,"column":57}},"type":"cond-expr","locations":[{"start":{"line":21,"column":51},"end":{"line":21,"column":53}},{"start":{"line":21,"column":48},"end":{"line":21,"column":57}}]},"5":{"loc":{"start":{"line":21,"column":48},"end":{"line":21,"column":53}},"type":"binary-expr","locations":[{"start":{"line":21,"column":48},"end":{"line":21,"column":53}},{"start":{"line":21,"column":48},"end":{"line":21,"column":53}}]},"6":{"loc":{"start":{"line":27,"column":25},"end":{"line":27,"column":null}},"type":"switch","locations":[{"start":{"line":27,"column":25},"end":{"line":27,"column":null}}]}},"s":{"0":1,"1":1,"2":1,"3":1,"4":1,"5":1,"6":1,"7":1,"8":0,"9":0,"10":0,"11":0,"12":0,"13":0,"14":1,"15":0,"16":0,"17":0,"18":0},"f":{"0":0,"1":0,"2":0,"3":0},"b":{"0":[0],"1":[0,0],"2":[0,0],"3":[0,0],"4":[0,0],"5":[0,0],"6":[0]}}
,"/Users/lanle98/Desktop/piggies-be/src/modules/auth/auth.middleware.ts": {"path":"/Users/lanle98/Desktop/piggies-be/src/modules/auth/auth.middleware.ts","statementMap":{"0":{"start":{"line":1,"column":0},"end":{"line":1,"column":30}},"1":{"start":{"line":3,"column":0},"end":{"line":3,"column":48}},"2":{"start":{"line":4,"column":0},"end":{"line":4,"column":31}},"3":{"start":{"line":5,"column":0},"end":{"line":5,"column":50}},"4":{"start":{"line":7,"column":23},"end":{"line":30,"column":2}},"5":{"start":{"line":10,"column":20},"end":{"line":30,"column":2}},"6":{"start":{"line":12,"column":8},"end":{"line":12,"column":79}},"7":{"start":{"line":14,"column":2},"end":{"line":21,"column":null}},"8":{"start":{"line":15,"column":4},"end":{"line":20,"column":6}},"9":{"start":{"line":22,"column":2},"end":{"line":28,"column":null}},"10":{"start":{"line":23,"column":4},"end":{"line":23,"column":74}},"11":{"start":{"line":25,"column":4},"end":{"line":27,"column":6}},"12":{"start":{"line":29,"column":2},"end":{"line":29,"column":16}},"13":{"start":{"line":32,"column":0},"end":{"line":32,"column":30}}},"fnMap":{"0":{"name":"(anonymous_14)","decl":{"start":{"line":7,"column":23},"end":{"line":7,"column":null}},"loc":{"start":{"line":10,"column":20},"end":{"line":30,"column":2}}},"1":{"name":"(anonymous_15)","decl":{"start":{"line":10,"column":20},"end":{"line":10,"column":null}},"loc":{"start":{"line":10,"column":20},"end":{"line":30,"column":2}}}},"branchMap":{"0":{"loc":{"start":{"line":12,"column":16},"end":{"line":12,"column":78}},"type":"binary-expr","locations":[{"start":{"line":12,"column":16},"end":{"line":12,"column":30}},{"start":{"line":12,"column":34},"end":{"line":12,"column":49}},{"start":{"line":12,"column":53},"end":{"line":12,"column":78}}]},"1":{"loc":{"start":{"line":14,"column":2},"end":{"line":21,"column":null}},"type":"if","locations":[{"start":{"line":14,"column":2},"end":{"line":21,"column":null}}]},"2":{"loc":{"start":{"line":26,"column":45},"end":{"line":26,"column":76}},"type":"binary-expr","locations":[{"start":{"line":26,"column":45},"end":{"line":26,"column":57}},{"start":{"line":26,"column":61},"end":{"line":26,"column":76}}]},"3":{"loc":{"start":{"line":26,"column":45},"end":{"line":26,"column":57}},"type":"cond-expr","locations":[{"start":{"line":26,"column":48},"end":{"line":26,"column":50}},{"start":{"line":26,"column":45},"end":{"line":26,"column":57}}]},"4":{"loc":{"start":{"line":26,"column":45},"end":{"line":26,"column":50}},"type":"binary-expr","locations":[{"start":{"line":26,"column":45},"end":{"line":26,"column":50}},{"start":{"line":26,"column":45},"end":{"line":26,"column":50}}]}},"s":{"0":1,"1":1,"2":1,"3":1,"4":1,"5":5,"6":5,"7":5,"8":0,"9":5,"10":5,"11":0,"12":5,"13":1},"f":{"0":5,"1":5},"b":{"0":[5,5,5],"1":[0],"2":[0,0],"3":[0,0],"4":[0,0]}}
,"/Users/lanle98/Desktop/piggies-be/src/modules/auth/auth.service.ts": {"path":"/Users/lanle98/Desktop/piggies-be/src/modules/auth/auth.service.ts","statementMap":{"0":{"start":{"line":1,"column":0},"end":{"line":1,"column":48}},"1":{"start":{"line":2,"column":0},"end":{"line":2,"column":50}},"2":{"start":{"line":3,"column":0},"end":{"line":3,"column":69}},"3":{"start":{"line":4,"column":0},"end":{"line":4,"column":43}},"4":{"start":{"line":6,"column":30},"end":{"line":14,"column":2}},"5":{"start":{"line":6,"column":50},"end":{"line":14,"column":2}},"6":{"start":{"line":7,"column":15},"end":{"line":7,"column":null}},"7":{"start":{"line":7,"column":8},"end":{"line":7,"column":null}},"8":{"start":{"line":9,"column":2},"end":{"line":11,"column":null}},"9":{"start":{"line":10,"column":4},"end":{"line":10,"column":68}},"10":{"start":{"line":13,"column":2},"end":{"line":13,"column":14}},"11":{"start":{"line":6,"column":13},"end":{"line":6,"column":30}},"12":{"start":{"line":16,"column":23},"end":{"line":34,"column":2}},"13":{"start":{"line":16,"column":50},"end":{"line":34,"column":2}},"14":{"start":{"line":18,"column":28},"end":{"line":18,"column":null}},"15":{"start":{"line":18,"column":10},"end":{"line":18,"column":null}},"16":{"start":{"line":20,"column":17},"end":{"line":20,"column":null}},"17":{"start":{"line":20,"column":10},"end":{"line":20,"column":null}},"18":{"start":{"line":22,"column":4},"end":{"line":24,"column":null}},"19":{"start":{"line":23,"column":6},"end":{"line":23,"column":40}},"20":{"start":{"line":25,"column":4},"end":{"line":25,"column":38}},"21":{"start":{"line":26,"column":19},"end":{"line":26,"column":null}},"22":{"start":{"line":26,"column":10},"end":{"line":26,"column":null}},"23":{"start":{"line":27,"column":4},"end":{"line":27,"column":28}},"24":{"start":{"line":29,"column":4},"end":{"line":32,"column":6}},"25":{"start":{"line":16,"column":13},"end":{"line":16,"column":23}}},"fnMap":{"0":{"name":"(anonymous_14)","decl":{"start":{"line":6,"column":30},"end":{"line":6,"column":37}},"loc":{"start":{"line":6,"column":50},"end":{"line":14,"column":2}}},"1":{"name":"(anonymous_15)","decl":{"start":{"line":6,"column":50},"end":{"line":6,"column":null}},"loc":{"start":{"line":6,"column":50},"end":{"line":14,"column":2}}},"2":{"name":"(anonymous_17)","decl":{"start":{"line":16,"column":23},"end":{"line":16,"column":30}},"loc":{"start":{"line":16,"column":50},"end":{"line":34,"column":2}}},"3":{"name":"(anonymous_18)","decl":{"start":{"line":16,"column":50},"end":{"line":16,"column":null}},"loc":{"start":{"line":16,"column":50},"end":{"line":34,"column":2}}}},"branchMap":{"0":{"loc":{"start":{"line":7,"column":15},"end":{"line":7,"column":null}},"type":"switch","locations":[{"start":{"line":7,"column":15},"end":{"line":7,"column":null}}]},"1":{"loc":{"start":{"line":9,"column":2},"end":{"line":11,"column":null}},"type":"if","locations":[{"start":{"line":9,"column":2},"end":{"line":11,"column":null}}]},"2":{"loc":{"start":{"line":22,"column":4},"end":{"line":24,"column":null}},"type":"if","locations":[{"start":{"line":22,"column":4},"end":{"line":24,"column":null}}]},"3":{"loc":{"start":{"line":31,"column":6},"end":{"line":31,"column":38}},"type":"binary-expr","locations":[{"start":{"line":31,"column":6},"end":{"line":31,"column":19}},{"start":{"line":31,"column":23},"end":{"line":31,"column":38}}]}},"s":{"0":1,"1":1,"2":1,"3":1,"4":1,"5":0,"6":0,"7":0,"8":0,"9":0,"10":0,"11":1,"12":1,"13":0,"14":0,"15":0,"16":0,"17":0,"18":0,"19":0,"20":0,"21":0,"22":0,"23":0,"24":0,"25":1},"f":{"0":0,"1":0,"2":0,"3":0},"b":{"0":[0],"1":[0],"2":[0],"3":[0,0]}}
,"/Users/lanle98/Desktop/piggies-be/src/modules/auth/auth.validation.ts": {"path":"/Users/lanle98/Desktop/piggies-be/src/modules/auth/auth.validation.ts","statementMap":{"0":{"start":{"line":1,"column":0},"end":{"line":1,"column":22}},"1":{"start":{"line":3,"column":13},"end":{"line":7,"column":2}},"2":{"start":{"line":9,"column":13},"end":{"line":13,"column":2}}},"fnMap":{},"branchMap":{},"s":{"0":1,"1":1,"2":1},"f":{},"b":{}}
,"/Users/lanle98/Desktop/piggies-be/src/modules/auth/index.ts": {"path":"/Users/lanle98/Desktop/piggies-be/src/modules/auth/index.ts","statementMap":{"0":{"start":{"line":1,"column":0},"end":{"line":1,"column":52}},"1":{"start":{"line":6,"column":15},"end":{"line":6,"column":29}},"2":{"start":{"line":2,"column":0},"end":{"line":2,"column":7}},"3":{"start":{"line":6,"column":9},"end":{"line":2,"column":37}},"4":{"start":{"line":3,"column":0},"end":{"line":3,"column":46}},"5":{"start":{"line":6,"column":31},"end":{"line":6,"column":42}},"6":{"start":{"line":4,"column":0},"end":{"line":4,"column":52}},"7":{"start":{"line":6,"column":44},"end":{"line":6,"column":58}}},"fnMap":{},"branchMap":{},"s":{"0":1,"1":1,"2":1,"3":1,"4":1,"5":1,"6":1,"7":1},"f":{},"b":{}}
,"/Users/lanle98/Desktop/piggies-be/src/modules/category/category.controller.ts": {"path":"/Users/lanle98/Desktop/piggies-be/src/modules/category/category.controller.ts","statementMap":{"0":{"start":{"line":3,"column":0},"end":{"line":3,"column":48}},"1":{"start":{"line":4,"column":0},"end":{"line":4,"column":35}},"2":{"start":{"line":6,"column":0},"end":{"line":6,"column":41}},"3":{"start":{"line":7,"column":0},"end":{"line":7,"column":42}},"4":{"start":{"line":9,"column":0},"end":{"line":9,"column":36}},"5":{"start":{"line":11,"column":13},"end":{"line":15,"column":3}},"6":{"start":{"line":11,"column":69},"end":{"line":15,"column":2}},"7":{"start":{"line":12,"column":21},"end":{"line":12,"column":null}},"8":{"start":{"line":12,"column":8},"end":{"line":12,"column":null}},"9":{"start":{"line":14,"column":2},"end":{"line":14,"column":23}},"10":{"start":{"line":17,"column":13},"end":{"line":37,"column":2}},"11":{"start":{"line":24,"column":17},"end":{"line":36,"column":null}},"12":{"start":{"line":26,"column":10},"end":{"line":26,"column":42}},"13":{"start":{"line":27,"column":21},"end":{"line":33,"column":null}},"14":{"start":{"line":27,"column":10},"end":{"line":33,"column":null}},"15":{"start":{"line":35,"column":4},"end":{"line":35,"column":51}},"16":{"start":{"line":39,"column":13},"end":{"line":58,"column":2}},"17":{"start":{"line":46,"column":17},"end":{"line":57,"column":null}},"18":{"start":{"line":48,"column":10},"end":{"line":48,"column":34}},"19":{"start":{"line":50,"column":21},"end":{"line":54,"column":null}},"20":{"start":{"line":50,"column":10},"end":{"line":54,"column":null}},"21":{"start":{"line":56,"column":4},"end":{"line":56,"column":23}},"22":{"start":{"line":60,"column":13},"end":{"line":68,"column":2}},"23":{"start":{"line":61,"column":52},"end":{"line":67,"column":null}},"24":{"start":{"line":62,"column":21},"end":{"line":64,"column":null}},"25":{"start":{"line":62,"column":10},"end":{"line":64,"column":null}},"26":{"start":{"line":66,"column":4},"end":{"line":66,"column":23}}},"fnMap":{"0":{"name":"(anonymous_14)","decl":{"start":{"line":11,"column":35},"end":{"line":11,"column":42}},"loc":{"start":{"line":11,"column":69},"end":{"line":15,"column":2}}},"1":{"name":"(anonymous_15)","decl":{"start":{"line":11,"column":69},"end":{"line":11,"column":null}},"loc":{"start":{"line":11,"column":69},"end":{"line":15,"column":2}}},"2":{"name":"(anonymous_17)","decl":{"start":{"line":18,"column":2},"end":{"line":18,"column":null}},"loc":{"start":{"line":24,"column":17},"end":{"line":36,"column":null}}},"3":{"name":"(anonymous_18)","decl":{"start":{"line":24,"column":17},"end":{"line":24,"column":null}},"loc":{"start":{"line":24,"column":17},"end":{"line":36,"column":null}}},"4":{"name":"(anonymous_20)","decl":{"start":{"line":40,"column":2},"end":{"line":40,"column":null}},"loc":{"start":{"line":46,"column":17},"end":{"line":57,"column":null}}},"5":{"name":"(anonymous_21)","decl":{"start":{"line":46,"column":17},"end":{"line":46,"column":null}},"loc":{"start":{"line":46,"column":17},"end":{"line":57,"column":null}}},"6":{"name":"(anonymous_23)","decl":{"start":{"line":61,"column":2},"end":{"line":61,"column":9}},"loc":{"start":{"line":61,"column":52},"end":{"line":67,"column":null}}},"7":{"name":"(anonymous_24)","decl":{"start":{"line":61,"column":52},"end":{"line":61,"column":null}},"loc":{"start":{"line":61,"column":52},"end":{"line":67,"column":null}}}},"branchMap":{"0":{"loc":{"start":{"line":12,"column":21},"end":{"line":12,"column":null}},"type":"switch","locations":[{"start":{"line":12,"column":21},"end":{"line":12,"column":null}}]},"1":{"loc":{"start":{"line":32,"column":12},"end":{"line":32,"column":51}},"type":"binary-expr","locations":[{"start":{"line":32,"column":12},"end":{"line":32,"column":45}},{"start":{"line":32,"column":49},"end":{"line":32,"column":51}}]},"2":{"loc":{"start":{"line":62,"column":21},"end":{"line":64,"column":null}},"type":"switch","locations":[{"start":{"line":62,"column":21},"end":{"line":64,"column":null}}]}},"s":{"0":1,"1":1,"2":1,"3":1,"4":1,"5":1,"6":1,"7":1,"8":1,"9":1,"10":1,"11":2,"12":2,"13":2,"14":2,"15":2,"16":1,"17":0,"18":0,"19":0,"20":0,"21":0,"22":1,"23":0,"24":0,"25":0,"26":0},"f":{"0":1,"1":1,"2":2,"3":2,"4":0,"5":0,"6":0,"7":0},"b":{"0":[1],"1":[2,0],"2":[0]}}
,"/Users/lanle98/Desktop/piggies-be/src/modules/category/category.service.ts": {"path":"/Users/lanle98/Desktop/piggies-be/src/modules/category/category.service.ts","statementMap":{"0":{"start":{"line":2,"column":0},"end":{"line":2,"column":48}},"1":{"start":{"line":3,"column":0},"end":{"line":3,"column":50}},"2":{"start":{"line":4,"column":0},"end":{"line":4,"column":44}},"3":{"start":{"line":9,"column":0},"end":{"line":9,"column":28}},"4":{"start":{"line":11,"column":24},"end":{"line":17,"column":2}},"5":{"start":{"line":13,"column":36},"end":{"line":17,"column":2}},"6":{"start":{"line":15,"column":15},"end":{"line":15,"column":null}},"7":{"start":{"line":15,"column":8},"end":{"line":15,"column":null}},"8":{"start":{"line":16,"column":2},"end":{"line":16,"column":14}},"9":{"start":{"line":11,"column":13},"end":{"line":11,"column":24}},"10":{"start":{"line":19,"column":22},"end":{"line":28,"column":2}},"11":{"start":{"line":20,"column":63},"end":{"line":28,"column":2}},"12":{"start":{"line":22,"column":19},"end":{"line":25,"column":null}},"13":{"start":{"line":22,"column":8},"end":{"line":25,"column":null}},"14":{"start":{"line":27,"column":2},"end":{"line":27,"column":18}},"15":{"start":{"line":19,"column":13},"end":{"line":19,"column":22}},"16":{"start":{"line":30,"column":22},"end":{"line":43,"column":2}},"17":{"start":{"line":32,"column":63},"end":{"line":43,"column":2}},"18":{"start":{"line":34,"column":19},"end":{"line":37,"column":null}},"19":{"start":{"line":34,"column":8},"end":{"line":37,"column":null}},"20":{"start":{"line":39,"column":2},"end":{"line":40,"column":68}},"21":{"start":{"line":40,"column":4},"end":{"line":40,"column":68}},"22":{"start":{"line":42,"column":2},"end":{"line":42,"column":18}},"23":{"start":{"line":30,"column":13},"end":{"line":30,"column":22}},"24":{"start":{"line":45,"column":22},"end":{"line":52,"column":2}},"25":{"start":{"line":45,"column":33},"end":{"line":45,"column":51}},"26":{"start":{"line":46,"column":19},"end":{"line":46,"column":null}},"27":{"start":{"line":46,"column":8},"end":{"line":46,"column":null}},"28":{"start":{"line":48,"column":2},"end":{"line":49,"column":68}},"29":{"start":{"line":49,"column":4},"end":{"line":49,"column":68}},"30":{"start":{"line":51,"column":2},"end":{"line":51,"column":18}},"31":{"start":{"line":45,"column":13},"end":{"line":45,"column":22}}},"fnMap":{"0":{"name":"(anonymous_14)","decl":{"start":{"line":11,"column":24},"end":{"line":11,"column":null}},"loc":{"start":{"line":13,"column":36},"end":{"line":17,"column":2}}},"1":{"name":"(anonymous_15)","decl":{"start":{"line":13,"column":36},"end":{"line":13,"column":null}},"loc":{"start":{"line":13,"column":36},"end":{"line":17,"column":2}}},"2":{"name":"(anonymous_17)","decl":{"start":{"line":19,"column":22},"end":{"line":19,"column":null}},"loc":{"start":{"line":20,"column":63},"end":{"line":28,"column":2}}},"3":{"name":"(anonymous_18)","decl":{"start":{"line":20,"column":63},"end":{"line":20,"column":null}},"loc":{"start":{"line":20,"column":63},"end":{"line":28,"column":2}}},"4":{"name":"(anonymous_20)","decl":{"start":{"line":30,"column":22},"end":{"line":30,"column":null}},"loc":{"start":{"line":32,"column":63},"end":{"line":43,"column":2}}},"5":{"name":"(anonymous_21)","decl":{"start":{"line":32,"column":63},"end":{"line":32,"column":null}},"loc":{"start":{"line":32,"column":63},"end":{"line":43,"column":2}}},"6":{"name":"(anonymous_23)","decl":{"start":{"line":45,"column":22},"end":{"line":45,"column":29}},"loc":{"start":{"line":45,"column":51},"end":{"line":52,"column":2}}}},"branchMap":{"0":{"loc":{"start":{"line":15,"column":15},"end":{"line":15,"column":null}},"type":"switch","locations":[{"start":{"line":15,"column":15},"end":{"line":15,"column":null}}]},"1":{"loc":{"start":{"line":22,"column":19},"end":{"line":25,"column":null}},"type":"switch","locations":[{"start":{"line":22,"column":19},"end":{"line":25,"column":null}}]},"2":{"loc":{"start":{"line":34,"column":19},"end":{"line":37,"column":null}},"type":"switch","locations":[{"start":{"line":34,"column":19},"end":{"line":37,"column":null}}]},"3":{"loc":{"start":{"line":39,"column":2},"end":{"line":40,"column":68}},"type":"if","locations":[{"start":{"line":39,"column":2},"end":{"line":40,"column":68}}]},"4":{"loc":{"start":{"line":46,"column":19},"end":{"line":46,"column":null}},"type":"switch","locations":[{"start":{"line":46,"column":19},"end":{"line":46,"column":null}}]},"5":{"loc":{"start":{"line":48,"column":2},"end":{"line":49,"column":68}},"type":"if","locations":[{"start":{"line":48,"column":2},"end":{"line":49,"column":68}}]}},"s":{"0":1,"1":1,"2":1,"3":1,"4":1,"5":1,"6":1,"7":1,"8":1,"9":1,"10":1,"11":2,"12":2,"13":2,"14":2,"15":1,"16":1,"17":0,"18":0,"19":0,"20":0,"21":0,"22":0,"23":1,"24":1,"25":0,"26":0,"27":0,"28":0,"29":0,"30":0,"31":1},"f":{"0":1,"1":1,"2":2,"3":2,"4":0,"5":0,"6":0},"b":{"0":[1],"1":[2],"2":[0],"3":[0],"4":[0],"5":[0]}}
,"/Users/lanle98/Desktop/piggies-be/src/modules/category/category.validation.ts": {"path":"/Users/lanle98/Desktop/piggies-be/src/modules/category/category.validation.ts","statementMap":{"0":{"start":{"line":1,"column":0},"end":{"line":1,"column":22}},"1":{"start":{"line":2,"column":0},"end":{"line":2,"column":71}},"2":{"start":{"line":4,"column":13},"end":{"line":4,"column":36}},"3":{"start":{"line":5,"column":13},"end":{"line":5,"column":70}},"4":{"start":{"line":6,"column":15},"end":{"line":6,"column":27}},"5":{"start":{"line":8,"column":14},"end":{"line":11,"column":2}},"6":{"start":{"line":13,"column":13},"end":{"line":20,"column":2}},"7":{"start":{"line":21,"column":13},"end":{"line":21,"column":41}},"8":{"start":{"line":23,"column":13},"end":{"line":27,"column":3}},"9":{"start":{"line":29,"column":13},"end":{"line":34,"column":2}}},"fnMap":{},"branchMap":{},"s":{"0":1,"1":1,"2":1,"3":1,"4":1,"5":1,"6":1,"7":1,"8":1,"9":1},"f":{},"b":{}}
,"/Users/lanle98/Desktop/piggies-be/src/modules/category/index.ts": {"path":"/Users/lanle98/Desktop/piggies-be/src/modules/category/index.ts","statementMap":{"0":{"start":{"line":1,"column":0},"end":{"line":1,"column":60}},"1":{"start":{"line":5,"column":9},"end":{"line":5,"column":27}},"2":{"start":{"line":2,"column":0},"end":{"line":2,"column":54}},"3":{"start":{"line":5,"column":29},"end":{"line":5,"column":44}},"4":{"start":{"line":3,"column":0},"end":{"line":3,"column":60}},"5":{"start":{"line":5,"column":46},"end":{"line":5,"column":64}}},"fnMap":{},"branchMap":{},"s":{"0":1,"1":1,"2":1,"3":1,"4":1,"5":1},"f":{},"b":{}}
,"/Users/lanle98/Desktop/piggies-be/src/modules/history/history.controller.ts": {"path":"/Users/lanle98/Desktop/piggies-be/src/modules/history/history.controller.ts","statementMap":{"0":{"start":{"line":3,"column":0},"end":{"line":3,"column":48}},"1":{"start":{"line":5,"column":0},"end":{"line":5,"column":42}},"2":{"start":{"line":7,"column":0},"end":{"line":7,"column":35}},"3":{"start":{"line":9,"column":13},"end":{"line":13,"column":3}},"4":{"start":{"line":9,"column":69},"end":{"line":13,"column":2}},"5":{"start":{"line":10,"column":21},"end":{"line":10,"column":null}},"6":{"start":{"line":10,"column":8},"end":{"line":10,"column":null}},"7":{"start":{"line":12,"column":2},"end":{"line":12,"column":23}},"8":{"start":{"line":15,"column":13},"end":{"line":23,"column":2}},"9":{"start":{"line":16,"column":52},"end":{"line":22,"column":null}},"10":{"start":{"line":17,"column":20},"end":{"line":19,"column":null}},"11":{"start":{"line":17,"column":10},"end":{"line":19,"column":null}},"12":{"start":{"line":21,"column":4},"end":{"line":21,"column":22}},"13":{"start":{"line":25,"column":13},"end":{"line":38,"column":2}},"14":{"start":{"line":32,"column":17},"end":{"line":37,"column":null}},"15":{"start":{"line":34,"column":20},"end":{"line":34,"column":null}},"16":{"start":{"line":34,"column":10},"end":{"line":34,"column":null}},"17":{"start":{"line":36,"column":4},"end":{"line":36,"column":50}},"18":{"start":{"line":40,"column":13},"end":{"line":48,"column":2}},"19":{"start":{"line":41,"column":52},"end":{"line":47,"column":null}},"20":{"start":{"line":42,"column":20},"end":{"line":44,"column":null}},"21":{"start":{"line":42,"column":10},"end":{"line":44,"column":null}},"22":{"start":{"line":46,"column":4},"end":{"line":46,"column":22}}},"fnMap":{"0":{"name":"(anonymous_14)","decl":{"start":{"line":9,"column":35},"end":{"line":9,"column":42}},"loc":{"start":{"line":9,"column":69},"end":{"line":13,"column":2}}},"1":{"name":"(anonymous_15)","decl":{"start":{"line":9,"column":69},"end":{"line":9,"column":null}},"loc":{"start":{"line":9,"column":69},"end":{"line":13,"column":2}}},"2":{"name":"(anonymous_17)","decl":{"start":{"line":16,"column":2},"end":{"line":16,"column":9}},"loc":{"start":{"line":16,"column":52},"end":{"line":22,"column":null}}},"3":{"name":"(anonymous_18)","decl":{"start":{"line":16,"column":52},"end":{"line":16,"column":null}},"loc":{"start":{"line":16,"column":52},"end":{"line":22,"column":null}}},"4":{"name":"(anonymous_20)","decl":{"start":{"line":26,"column":2},"end":{"line":26,"column":null}},"loc":{"start":{"line":32,"column":17},"end":{"line":37,"column":null}}},"5":{"name":"(anonymous_21)","decl":{"start":{"line":32,"column":17},"end":{"line":32,"column":null}},"loc":{"start":{"line":32,"column":17},"end":{"line":37,"column":null}}},"6":{"name":"(anonymous_23)","decl":{"start":{"line":41,"column":2},"end":{"line":41,"column":9}},"loc":{"start":{"line":41,"column":52},"end":{"line":47,"column":null}}},"7":{"name":"(anonymous_24)","decl":{"start":{"line":41,"column":52},"end":{"line":41,"column":null}},"loc":{"start":{"line":41,"column":52},"end":{"line":47,"column":null}}}},"branchMap":{"0":{"loc":{"start":{"line":10,"column":21},"end":{"line":10,"column":null}},"type":"switch","locations":[{"start":{"line":10,"column":21},"end":{"line":10,"column":null}}]},"1":{"loc":{"start":{"line":17,"column":20},"end":{"line":19,"column":null}},"type":"switch","locations":[{"start":{"line":17,"column":20},"end":{"line":19,"column":null}}]},"2":{"loc":{"start":{"line":34,"column":20},"end":{"line":34,"column":null}},"type":"switch","locations":[{"start":{"line":34,"column":20},"end":{"line":34,"column":null}}]},"3":{"loc":{"start":{"line":42,"column":20},"end":{"line":44,"column":null}},"type":"switch","locations":[{"start":{"line":42,"column":20},"end":{"line":44,"column":null}}]}},"s":{"0":1,"1":1,"2":1,"3":1,"4":0,"5":0,"6":0,"7":0,"8":1,"9":0,"10":0,"11":0,"12":0,"13":1,"14":0,"15":0,"16":0,"17":0,"18":1,"19":0,"20":0,"21":0,"22":0},"f":{"0":0,"1":0,"2":0,"3":0,"4":0,"5":0,"6":0,"7":0},"b":{"0":[0],"1":[0],"2":[0],"3":[0]}}
,"/Users/lanle98/Desktop/piggies-be/src/modules/history/history.service.ts": {"path":"/Users/lanle98/Desktop/piggies-be/src/modules/history/history.service.ts","statementMap":{"0":{"start":{"line":2,"column":0},"end":{"line":2,"column":48}},"1":{"start":{"line":3,"column":0},"end":{"line":3,"column":50}},"2":{"start":{"line":4,"column":0},"end":{"line":4,"column":44}},"3":{"start":{"line":6,"column":0},"end":{"line":6,"column":28}},"4":{"start":{"line":8,"column":24},"end":{"line":14,"column":2}},"5":{"start":{"line":10,"column":35},"end":{"line":14,"column":2}},"6":{"start":{"line":12,"column":15},"end":{"line":12,"column":null}},"7":{"start":{"line":12,"column":8},"end":{"line":12,"column":null}},"8":{"start":{"line":13,"column":2},"end":{"line":13,"column":14}},"9":{"start":{"line":8,"column":13},"end":{"line":8,"column":24}},"10":{"start":{"line":15,"column":34},"end":{"line":29,"column":2}},"11":{"start":{"line":16,"column":15},"end":{"line":16,"column":null}},"12":{"start":{"line":20,"column":20},"end":{"line":23,"column":null}},"13":{"start":{"line":20,"column":8},"end":{"line":23,"column":null}},"14":{"start":{"line":25,"column":2},"end":{"line":26,"column":71}},"15":{"start":{"line":26,"column":4},"end":{"line":26,"column":71}},"16":{"start":{"line":28,"column":2},"end":{"line":28,"column":19}},"17":{"start":{"line":15,"column":13},"end":{"line":15,"column":34}},"18":{"start":{"line":31,"column":22},"end":{"line":37,"column":2}},"19":{"start":{"line":32,"column":62},"end":{"line":37,"column":2}},"20":{"start":{"line":34,"column":18},"end":{"line":34,"column":null}},"21":{"start":{"line":34,"column":8},"end":{"line":34,"column":null}},"22":{"start":{"line":36,"column":2},"end":{"line":36,"column":17}},"23":{"start":{"line":31,"column":13},"end":{"line":31,"column":22}},"24":{"start":{"line":39,"column":22},"end":{"line":45,"column":2}},"25":{"start":{"line":39,"column":33},"end":{"line":39,"column":51}},"26":{"start":{"line":40,"column":18},"end":{"line":40,"column":null}},"27":{"start":{"line":40,"column":8},"end":{"line":40,"column":null}},"28":{"start":{"line":42,"column":2},"end":{"line":42,"column":79}},"29":{"start":{"line":42,"column":16},"end":{"line":42,"column":79}},"30":{"start":{"line":44,"column":2},"end":{"line":44,"column":17}},"31":{"start":{"line":39,"column":13},"end":{"line":39,"column":22}}},"fnMap":{"0":{"name":"(anonymous_14)","decl":{"start":{"line":8,"column":24},"end":{"line":8,"column":null}},"loc":{"start":{"line":10,"column":35},"end":{"line":14,"column":2}}},"1":{"name":"(anonymous_15)","decl":{"start":{"line":10,"column":35},"end":{"line":10,"column":null}},"loc":{"start":{"line":10,"column":35},"end":{"line":14,"column":2}}},"2":{"name":"(anonymous_17)","decl":{"start":{"line":15,"column":34},"end":{"line":15,"column":41}},"loc":{"start":{"line":19,"column":1},"end":{"line":29,"column":2}}},"3":{"name":"(anonymous_20)","decl":{"start":{"line":31,"column":22},"end":{"line":31,"column":null}},"loc":{"start":{"line":32,"column":62},"end":{"line":37,"column":2}}},"4":{"name":"(anonymous_21)","decl":{"start":{"line":32,"column":62},"end":{"line":32,"column":null}},"loc":{"start":{"line":32,"column":62},"end":{"line":37,"column":2}}},"5":{"name":"(anonymous_23)","decl":{"start":{"line":39,"column":22},"end":{"line":39,"column":29}},"loc":{"start":{"line":39,"column":51},"end":{"line":45,"column":2}}}},"branchMap":{"0":{"loc":{"start":{"line":12,"column":15},"end":{"line":12,"column":null}},"type":"switch","locations":[{"start":{"line":12,"column":15},"end":{"line":12,"column":null}}]},"1":{"loc":{"start":{"line":20,"column":20},"end":{"line":23,"column":null}},"type":"switch","locations":[{"start":{"line":20,"column":20},"end":{"line":23,"column":null}}]},"2":{"loc":{"start":{"line":25,"column":2},"end":{"line":26,"column":71}},"type":"if","locations":[{"start":{"line":25,"column":2},"end":{"line":26,"column":71}}]},"3":{"loc":{"start":{"line":34,"column":18},"end":{"line":34,"column":null}},"type":"switch","locations":[{"start":{"line":34,"column":18},"end":{"line":34,"column":null}}]},"4":{"loc":{"start":{"line":40,"column":18},"end":{"line":40,"column":null}},"type":"switch","locations":[{"start":{"line":40,"column":18},"end":{"line":40,"column":null}}]},"5":{"loc":{"start":{"line":42,"column":2},"end":{"line":42,"column":79}},"type":"if","locations":[{"start":{"line":42,"column":2},"end":{"line":42,"column":79}}]}},"s":{"0":1,"1":1,"2":1,"3":1,"4":1,"5":0,"6":0,"7":0,"8":0,"9":1,"10":1,"11":0,"12":0,"13":0,"14":0,"15":0,"16":0,"17":1,"18":1,"19":0,"20":0,"21":0,"22":0,"23":1,"24":1,"25":0,"26":0,"27":0,"28":0,"29":0,"30":0,"31":1},"f":{"0":0,"1":0,"2":0,"3":0,"4":0,"5":0},"b":{"0":[0],"1":[0],"2":[0],"3":[0],"4":[0],"5":[0]}}
,"/Users/lanle98/Desktop/piggies-be/src/modules/history/history.validation.ts": {"path":"/Users/lanle98/Desktop/piggies-be/src/modules/history/history.validation.ts","statementMap":{"0":{"start":{"line":1,"column":0},"end":{"line":1,"column":22}},"1":{"start":{"line":2,"column":0},"end":{"line":2,"column":71}},"2":{"start":{"line":4,"column":13},"end":{"line":9,"column":3}}},"fnMap":{},"branchMap":{},"s":{"0":1,"1":1,"2":1},"f":{},"b":{}}
,"/Users/lanle98/Desktop/piggies-be/src/modules/history/index.ts": {"path":"/Users/lanle98/Desktop/piggies-be/src/modules/history/index.ts","statementMap":{"0":{"start":{"line":1,"column":0},"end":{"line":1,"column":58}},"1":{"start":{"line":5,"column":9},"end":{"line":5,"column":26}},"2":{"start":{"line":2,"column":0},"end":{"line":2,"column":52}},"3":{"start":{"line":5,"column":28},"end":{"line":5,"column":42}},"4":{"start":{"line":3,"column":0},"end":{"line":3,"column":58}},"5":{"start":{"line":5,"column":44},"end":{"line":5,"column":61}}},"fnMap":{},"branchMap":{},"s":{"0":1,"1":1,"2":1,"3":1,"4":1,"5":1},"f":{},"b":{}}
,"/Users/lanle98/Desktop/piggies-be/src/modules/period/index.ts": {"path":"/Users/lanle98/Desktop/piggies-be/src/modules/period/index.ts","statementMap":{"0":{"start":{"line":1,"column":0},"end":{"line":1,"column":56}},"1":{"start":{"line":5,"column":9},"end":{"line":5,"column":25}},"2":{"start":{"line":2,"column":0},"end":{"line":2,"column":50}},"3":{"start":{"line":5,"column":27},"end":{"line":5,"column":40}},"4":{"start":{"line":3,"column":0},"end":{"line":3,"column":56}},"5":{"start":{"line":5,"column":42},"end":{"line":5,"column":58}}},"fnMap":{},"branchMap":{},"s":{"0":1,"1":1,"2":1,"3":1,"4":1,"5":1},"f":{},"b":{}}
,"/Users/lanle98/Desktop/piggies-be/src/modules/period/period.controller.ts": {"path":"/Users/lanle98/Desktop/piggies-be/src/modules/period/period.controller.ts","statementMap":{"0":{"start":{"line":3,"column":0},"end":{"line":3,"column":48}},"1":{"start":{"line":4,"column":0},"end":{"line":4,"column":49}},"2":{"start":{"line":5,"column":0},"end":{"line":5,"column":45}},"3":{"start":{"line":6,"column":0},"end":{"line":6,"column":57}},"4":{"start":{"line":7,"column":0},"end":{"line":7,"column":43}},"5":{"start":{"line":8,"column":0},"end":{"line":8,"column":33}},"6":{"start":{"line":10,"column":0},"end":{"line":10,"column":42}},"7":{"start":{"line":12,"column":0},"end":{"line":12,"column":34}},"8":{"start":{"line":14,"column":13},"end":{"line":18,"column":3}},"9":{"start":{"line":14,"column":69},"end":{"line":18,"column":2}},"10":{"start":{"line":15,"column":18},"end":{"line":15,"column":null}},"11":{"start":{"line":15,"column":8},"end":{"line":15,"column":null}},"12":{"start":{"line":17,"column":2},"end":{"line":17,"column":20}},"13":{"start":{"line":20,"column":13},"end":{"line":28,"column":2}},"14":{"start":{"line":21,"column":52},"end":{"line":27,"column":null}},"15":{"start":{"line":22,"column":19},"end":{"line":24,"column":null}},"16":{"start":{"line":22,"column":10},"end":{"line":24,"column":null}},"17":{"start":{"line":26,"column":4},"end":{"line":26,"column":21}},"18":{"start":{"line":30,"column":13},"end":{"line":70,"column":2}},"19":{"start":{"line":33,"column":17},"end":{"line":69,"column":null}},"20":{"start":{"line":35,"column":10},"end":{"line":35,"column":68}},"21":{"start":{"line":36,"column":17},"end":{"line":36,"column":null}},"22":{"start":{"line":36,"column":10},"end":{"line":36,"column":null}},"23":{"start":{"line":38,"column":4},"end":{"line":38,"column":49}},"24":{"start":{"line":38,"column":15},"end":{"line":38,"column":49}},"25":{"start":{"line":40,"column":19},"end":{"line":45,"column":null}},"26":{"start":{"line":40,"column":10},"end":{"line":45,"column":null}},"27":{"start":{"line":47,"column":24},"end":{"line":52,"column":null}},"28":{"start":{"line":47,"column":10},"end":{"line":52,"column":null}},"29":{"start":{"line":54,"column":4},"end":{"line":66,"column":7}},"30":{"start":{"line":68,"column":4},"end":{"line":68,"column":49}},"31":{"start":{"line":72,"column":13},"end":{"line":115,"column":2}},"32":{"start":{"line":79,"column":17},"end":{"line":114,"column":null}},"33":{"start":{"line":81,"column":19},"end":{"line":81,"column":null}},"34":{"start":{"line":81,"column":10},"end":{"line":81,"column":null}},"35":{"start":{"line":83,"column":8},"end":{"line":83,"column":14}},"36":{"start":{"line":84,"column":33},"end":{"line":87,"column":null}},"37":{"start":{"line":84,"column":12},"end":{"line":87,"column":null}},"38":{"start":{"line":89,"column":6},"end":{"line":89,"column":72}},"39":{"start":{"line":89,"column":31},"end":{"line":89,"column":72}},"40":{"start":{"line":91,"column":33},"end":{"line":96,"column":null}},"41":{"start":{"line":91,"column":12},"end":{"line":96,"column":null}},"42":{"start":{"line":98,"column":6},"end":{"line":110,"column":9}},"43":{"start":{"line":113,"column":4},"end":{"line":113,"column":21}},"44":{"start":{"line":117,"column":13},"end":{"line":125,"column":2}},"45":{"start":{"line":118,"column":52},"end":{"line":124,"column":null}},"46":{"start":{"line":119,"column":19},"end":{"line":121,"column":null}},"47":{"start":{"line":119,"column":10},"end":{"line":121,"column":null}},"48":{"start":{"line":123,"column":4},"end":{"line":123,"column":21}}},"fnMap":{"0":{"name":"(anonymous_17)","decl":{"start":{"line":14,"column":35},"end":{"line":14,"column":42}},"loc":{"start":{"line":14,"column":69},"end":{"line":18,"column":2}}},"1":{"name":"(anonymous_18)","decl":{"start":{"line":14,"column":69},"end":{"line":14,"column":null}},"loc":{"start":{"line":14,"column":69},"end":{"line":18,"column":2}}},"2":{"name":"(anonymous_20)","decl":{"start":{"line":21,"column":2},"end":{"line":21,"column":9}},"loc":{"start":{"line":21,"column":52},"end":{"line":27,"column":null}}},"3":{"name":"(anonymous_21)","decl":{"start":{"line":21,"column":52},"end":{"line":21,"column":null}},"loc":{"start":{"line":21,"column":52},"end":{"line":27,"column":null}}},"4":{"name":"(anonymous_23)","decl":{"start":{"line":31,"column":2},"end":{"line":31,"column":null}},"loc":{"start":{"line":33,"column":17},"end":{"line":69,"column":null}}},"5":{"name":"(anonymous_24)","decl":{"start":{"line":33,"column":17},"end":{"line":33,"column":null}},"loc":{"start":{"line":33,"column":17},"end":{"line":69,"column":null}}},"6":{"name":"(anonymous_26)","decl":{"start":{"line":73,"column":2},"end":{"line":73,"column":null}},"loc":{"start":{"line":79,"column":17},"end":{"line":114,"column":null}}},"7":{"name":"(anonymous_27)","decl":{"start":{"line":79,"column":17},"end":{"line":79,"column":null}},"loc":{"start":{"line":79,"column":17},"end":{"line":114,"column":null}}},"8":{"name":"(anonymous_29)","decl":{"start":{"line":118,"column":2},"end":{"line":118,"column":9}},"loc":{"start":{"line":118,"column":52},"end":{"line":124,"column":null}}},"9":{"name":"(anonymous_30)","decl":{"start":{"line":118,"column":52},"end":{"line":118,"column":null}},"loc":{"start":{"line":118,"column":52},"end":{"line":124,"column":null}}}},"branchMap":{"0":{"loc":{"start":{"line":15,"column":18},"end":{"line":15,"column":null}},"type":"switch","locations":[{"start":{"line":15,"column":18},"end":{"line":15,"column":null}}]},"1":{"loc":{"start":{"line":22,"column":19},"end":{"line":24,"column":null}},"type":"switch","locations":[{"start":{"line":22,"column":19},"end":{"line":24,"column":null}}]},"2":{"loc":{"start":{"line":38,"column":4},"end":{"line":38,"column":49}},"type":"if","locations":[{"start":{"line":38,"column":4},"end":{"line":38,"column":49}}]},"3":{"loc":{"start":{"line":42,"column":16},"end":{"line":42,"column":24}},"type":"cond-expr","locations":[{"start":{"line":42,"column":20},"end":{"line":42,"column":22}},{"start":{"line":42,"column":16},"end":{"line":42,"column":24}}]},"4":{"loc":{"start":{"line":42,"column":16},"end":{"line":42,"column":22}},"type":"binary-expr","locations":[{"start":{"line":42,"column":16},"end":{"line":42,"column":22}},{"start":{"line":42,"column":16},"end":{"line":42,"column":22}}]},"5":{"loc":{"start":{"line":42,"column":31},"end":{"line":42,"column":53}},"type":"binary-expr","locations":[{"start":{"line":42,"column":31},"end":{"line":42,"column":47}},{"start":{"line":42,"column":51},"end":{"line":42,"column":53}}]},"6":{"loc":{"start":{"line":43,"column":14},"end":{"line":43,"column":37}},"type":"cond-expr","locations":[{"start":{"line":43,"column":29},"end":{"line":43,"column":33}},{"start":{"line":43,"column":33},"end":{"line":43,"column":37}}]},"7":{"loc":{"start":{"line":43,"column":14},"end":{"line":43,"column":33}},"type":"binary-expr","locations":[{"start":{"line":43,"column":14},"end":{"line":43,"column":33}},{"start":{"line":43,"column":29},"end":{"line":43,"column":33}}]},"8":{"loc":{"start":{"line":49,"column":15},"end":{"line":49,"column":33}},"type":"binary-expr","locations":[{"start":{"line":49,"column":15},"end":{"line":49,"column":28}},{"start":{"line":49,"column":32},"end":{"line":49,"column":33}}]},"9":{"loc":{"start":{"line":51,"column":14},"end":{"line":51,"column":22}},"type":"cond-expr","locations":[{"start":{"line":51,"column":18},"end":{"line":51,"column":20}},{"start":{"line":51,"column":14},"end":{"line":51,"column":22}}]},"10":{"loc":{"start":{"line":51,"column":14},"end":{"line":51,"column":20}},"type":"binary-expr","locations":[{"start":{"line":51,"column":14},"end":{"line":51,"column":20}},{"start":{"line":51,"column":14},"end":{"line":51,"column":20}}]},"11":{"loc":{"start":{"line":81,"column":19},"end":{"line":81,"column":null}},"type":"switch","locations":[{"start":{"line":81,"column":19},"end":{"line":81,"column":null}}]},"12":{"loc":{"start":{"line":83,"column":8},"end":{"line":83,"column":14}},"type":"if","locations":[{"start":{"line":83,"column":8},"end":{"line":83,"column":14}}]},"13":{"loc":{"start":{"line":85,"column":18},"end":{"line":85,"column":28}},"type":"cond-expr","locations":[{"start":{"line":85,"column":24},"end":{"line":85,"column":26}},{"start":{"line":85,"column":18},"end":{"line":85,"column":28}}]},"14":{"loc":{"start":{"line":85,"column":18},"end":{"line":85,"column":26}},"type":"binary-expr","locations":[{"start":{"line":85,"column":18},"end":{"line":85,"column":26}},{"start":{"line":85,"column":18},"end":{"line":85,"column":26}}]},"15":{"loc":{"start":{"line":89,"column":6},"end":{"line":89,"column":72}},"type":"if","locations":[{"start":{"line":89,"column":6},"end":{"line":89,"column":72}}]},"16":{"loc":{"start":{"line":119,"column":19},"end":{"line":121,"column":null}},"type":"switch","locations":[{"start":{"line":119,"column":19},"end":{"line":121,"column":null}}]}},"s":{"0":1,"1":1,"2":1,"3":1,"4":1,"5":1,"6":1,"7":1,"8":1,"9":0,"10":0,"11":0,"12":0,"13":1,"14":0,"15":0,"16":0,"17":0,"18":1,"19":0,"20":0,"21":0,"22":0,"23":0,"24":0,"25":0,"26":0,"27":0,"28":0,"29":0,"30":0,"31":1,"32":0,"33":0,"34":0,"35":0,"36":0,"37":0,"38":0,"39":0,"40":0,"41":0,"42":0,"43":0,"44":1,"45":0,"46":0,"47":0,"48":0},"f":{"0":0,"1":0,"2":0,"3":0,"4":0,"5":0,"6":0,"7":0,"8":0,"9":0},"b":{"0":[0],"1":[0],"2":[0],"3":[0,0],"4":[0,0],"5":[0,0],"6":[0,0],"7":[0,0],"8":[0,0],"9":[0,0],"10":[0,0],"11":[0],"12":[0],"13":[0,0],"14":[0,0],"15":[0],"16":[0]}}
,"/Users/lanle98/Desktop/piggies-be/src/modules/period/period.service.ts": {"path":"/Users/lanle98/Desktop/piggies-be/src/modules/period/period.service.ts","statementMap":{"0":{"start":{"line":2,"column":0},"end":{"line":2,"column":48}},"1":{"start":{"line":3,"column":0},"end":{"line":3,"column":50}},"2":{"start":{"line":4,"column":0},"end":{"line":4,"column":44}},"3":{"start":{"line":6,"column":0},"end":{"line":6,"column":28}},"4":{"start":{"line":8,"column":24},"end":{"line":14,"column":2}},"5":{"start":{"line":10,"column":33},"end":{"line":14,"column":2}},"6":{"start":{"line":12,"column":15},"end":{"line":12,"column":null}},"7":{"start":{"line":12,"column":8},"end":{"line":12,"column":null}},"8":{"start":{"line":13,"column":2},"end":{"line":13,"column":14}},"9":{"start":{"line":8,"column":13},"end":{"line":8,"column":24}},"10":{"start":{"line":16,"column":23},"end":{"line":27,"column":2}},"11":{"start":{"line":16,"column":34},"end":{"line":16,"column":52}},"12":{"start":{"line":17,"column":17},"end":{"line":22,"column":null}},"13":{"start":{"line":17,"column":8},"end":{"line":22,"column":null}},"14":{"start":{"line":24,"column":2},"end":{"line":24,"column":77}},"15":{"start":{"line":24,"column":15},"end":{"line":24,"column":77}},"16":{"start":{"line":26,"column":2},"end":{"line":26,"column":16}},"17":{"start":{"line":16,"column":13},"end":{"line":16,"column":23}},"18":{"start":{"line":29,"column":22},"end":{"line":35,"column":2}},"19":{"start":{"line":30,"column":60},"end":{"line":35,"column":2}},"20":{"start":{"line":32,"column":17},"end":{"line":32,"column":null}},"21":{"start":{"line":32,"column":8},"end":{"line":32,"column":null}},"22":{"start":{"line":34,"column":2},"end":{"line":34,"column":16}},"23":{"start":{"line":29,"column":13},"end":{"line":29,"column":22}},"24":{"start":{"line":37,"column":22},"end":{"line":46,"column":2}},"25":{"start":{"line":39,"column":60},"end":{"line":46,"column":2}},"26":{"start":{"line":41,"column":17},"end":{"line":41,"column":null}},"27":{"start":{"line":41,"column":8},"end":{"line":41,"column":null}},"28":{"start":{"line":43,"column":2},"end":{"line":43,"column":77}},"29":{"start":{"line":43,"column":15},"end":{"line":43,"column":77}},"30":{"start":{"line":45,"column":2},"end":{"line":45,"column":16}},"31":{"start":{"line":37,"column":13},"end":{"line":37,"column":22}},"32":{"start":{"line":48,"column":22},"end":{"line":54,"column":2}},"33":{"start":{"line":48,"column":33},"end":{"line":48,"column":51}},"34":{"start":{"line":49,"column":17},"end":{"line":49,"column":null}},"35":{"start":{"line":49,"column":8},"end":{"line":49,"column":null}},"36":{"start":{"line":51,"column":2},"end":{"line":51,"column":77}},"37":{"start":{"line":51,"column":15},"end":{"line":51,"column":77}},"38":{"start":{"line":53,"column":2},"end":{"line":53,"column":16}},"39":{"start":{"line":48,"column":13},"end":{"line":48,"column":22}}},"fnMap":{"0":{"name":"(anonymous_14)","decl":{"start":{"line":8,"column":24},"end":{"line":8,"column":null}},"loc":{"start":{"line":10,"column":33},"end":{"line":14,"column":2}}},"1":{"name":"(anonymous_15)","decl":{"start":{"line":10,"column":33},"end":{"line":10,"column":null}},"loc":{"start":{"line":10,"column":33},"end":{"line":14,"column":2}}},"2":{"name":"(anonymous_17)","decl":{"start":{"line":16,"column":23},"end":{"line":16,"column":30}},"loc":{"start":{"line":16,"column":52},"end":{"line":27,"column":2}}},"3":{"name":"(anonymous_20)","decl":{"start":{"line":29,"column":22},"end":{"line":29,"column":null}},"loc":{"start":{"line":30,"column":60},"end":{"line":35,"column":2}}},"4":{"name":"(anonymous_21)","decl":{"start":{"line":30,"column":60},"end":{"line":30,"column":null}},"loc":{"start":{"line":30,"column":60},"end":{"line":35,"column":2}}},"5":{"name":"(anonymous_23)","decl":{"start":{"line":37,"column":22},"end":{"line":37,"column":null}},"loc":{"start":{"line":39,"column":60},"end":{"line":46,"column":2}}},"6":{"name":"(anonymous_24)","decl":{"start":{"line":39,"column":60},"end":{"line":39,"column":null}},"loc":{"start":{"line":39,"column":60},"end":{"line":46,"column":2}}},"7":{"name":"(anonymous_26)","decl":{"start":{"line":48,"column":22},"end":{"line":48,"column":29}},"loc":{"start":{"line":48,"column":51},"end":{"line":54,"column":2}}}},"branchMap":{"0":{"loc":{"start":{"line":12,"column":15},"end":{"line":12,"column":null}},"type":"switch","locations":[{"start":{"line":12,"column":15},"end":{"line":12,"column":null}}]},"1":{"loc":{"start":{"line":17,"column":17},"end":{"line":22,"column":null}},"type":"switch","locations":[{"start":{"line":17,"column":17},"end":{"line":22,"column":null}}]},"2":{"loc":{"start":{"line":24,"column":2},"end":{"line":24,"column":77}},"type":"if","locations":[{"start":{"line":24,"column":2},"end":{"line":24,"column":77}}]},"3":{"loc":{"start":{"line":32,"column":17},"end":{"line":32,"column":null}},"type":"switch","locations":[{"start":{"line":32,"column":17},"end":{"line":32,"column":null}}]},"4":{"loc":{"start":{"line":41,"column":17},"end":{"line":41,"column":null}},"type":"switch","locations":[{"start":{"line":41,"column":17},"end":{"line":41,"column":null}}]},"5":{"loc":{"start":{"line":43,"column":2},"end":{"line":43,"column":77}},"type":"if","locations":[{"start":{"line":43,"column":2},"end":{"line":43,"column":77}}]},"6":{"loc":{"start":{"line":49,"column":17},"end":{"line":49,"column":null}},"type":"switch","locations":[{"start":{"line":49,"column":17},"end":{"line":49,"column":null}}]},"7":{"loc":{"start":{"line":51,"column":2},"end":{"line":51,"column":77}},"type":"if","locations":[{"start":{"line":51,"column":2},"end":{"line":51,"column":77}}]}},"s":{"0":1,"1":1,"2":1,"3":1,"4":1,"5":0,"6":0,"7":0,"8":0,"9":1,"10":1,"11":0,"12":0,"13":0,"14":0,"15":0,"16":0,"17":1,"18":1,"19":0,"20":0,"21":0,"22":0,"23":1,"24":1,"25":0,"26":0,"27":0,"28":0,"29":0,"30":0,"31":1,"32":1,"33":0,"34":0,"35":0,"36":0,"37":0,"38":0,"39":1},"f":{"0":0,"1":0,"2":0,"3":0,"4":0,"5":0,"6":0,"7":0},"b":{"0":[0],"1":[0],"2":[0],"3":[0],"4":[0],"5":[0],"6":[0],"7":[0]}}
,"/Users/lanle98/Desktop/piggies-be/src/modules/period/period.validation.ts": {"path":"/Users/lanle98/Desktop/piggies-be/src/modules/period/period.validation.ts","statementMap":{"0":{"start":{"line":1,"column":0},"end":{"line":1,"column":22}},"1":{"start":{"line":2,"column":0},"end":{"line":2,"column":71}},"2":{"start":{"line":4,"column":18},"end":{"line":4,"column":28}},"3":{"start":{"line":5,"column":16},"end":{"line":5,"column":26}},"4":{"start":{"line":6,"column":15},"end":{"line":6,"column":27}},"5":{"start":{"line":7,"column":16},"end":{"line":7,"column":47}},"6":{"start":{"line":8,"column":15},"end":{"line":8,"column":28}},"7":{"start":{"line":9,"column":15},"end":{"line":9,"column":27}},"8":{"start":{"line":10,"column":14},"end":{"line":10,"column":26}},"9":{"start":{"line":12,"column":13},"end":{"line":21,"column":2}},"10":{"start":{"line":23,"column":13},"end":{"line":33,"column":2}},"11":{"start":{"line":35,"column":13},"end":{"line":39,"column":2}}},"fnMap":{},"branchMap":{},"s":{"0":1,"1":1,"2":1,"3":1,"4":1,"5":1,"6":1,"7":1,"8":1,"9":1,"10":1,"11":1},"f":{},"b":{}}
,"/Users/lanle98/Desktop/piggies-be/src/modules/pig/index.ts": {"path":"/Users/lanle98/Desktop/piggies-be/src/modules/pig/index.ts","statementMap":{"0":{"start":{"line":1,"column":0},"end":{"line":1,"column":50}},"1":{"start":{"line":5,"column":9},"end":{"line":5,"column":22}},"2":{"start":{"line":2,"column":0},"end":{"line":2,"column":44}},"3":{"start":{"line":5,"column":24},"end":{"line":5,"column":34}},"4":{"start":{"line":3,"column":0},"end":{"line":3,"column":50}},"5":{"start":{"line":5,"column":36},"end":{"line":5,"column":49}}},"fnMap":{},"branchMap":{},"s":{"0":1,"1":1,"2":1,"3":1,"4":1,"5":1},"f":{},"b":{}}
,"/Users/lanle98/Desktop/piggies-be/src/modules/pig/pig.controller.ts": {"path":"/Users/lanle98/Desktop/piggies-be/src/modules/pig/pig.controller.ts","statementMap":{"0":{"start":{"line":3,"column":0},"end":{"line":3,"column":48}},"1":{"start":{"line":4,"column":0},"end":{"line":4,"column":45}},"2":{"start":{"line":5,"column":0},"end":{"line":5,"column":43}},"3":{"start":{"line":7,"column":0},"end":{"line":7,"column":42}},"4":{"start":{"line":9,"column":0},"end":{"line":9,"column":31}},"5":{"start":{"line":11,"column":13},"end":{"line":18,"column":3}},"6":{"start":{"line":11,"column":69},"end":{"line":18,"column":2}},"7":{"start":{"line":12,"column":18},"end":{"line":15,"column":null}},"8":{"start":{"line":12,"column":8},"end":{"line":15,"column":null}},"9":{"start":{"line":17,"column":2},"end":{"line":17,"column":20}},"10":{"start":{"line":20,"column":13},"end":{"line":35,"column":2}},"11":{"start":{"line":23,"column":17},"end":{"line":34,"column":null}},"12":{"start":{"line":25,"column":17},"end":{"line":27,"column":null}},"13":{"start":{"line":25,"column":10},"end":{"line":27,"column":null}},"14":{"start":{"line":29,"column":4},"end":{"line":29,"column":49}},"15":{"start":{"line":29,"column":15},"end":{"line":29,"column":49}},"16":{"start":{"line":31,"column":16},"end":{"line":31,"column":null}},"17":{"start":{"line":31,"column":10},"end":{"line":31,"column":null}},"18":{"start":{"line":33,"column":4},"end":{"line":33,"column":46}},"19":{"start":{"line":37,"column":13},"end":{"line":50,"column":2}},"20":{"start":{"line":44,"column":17},"end":{"line":49,"column":null}},"21":{"start":{"line":46,"column":16},"end":{"line":46,"column":null}},"22":{"start":{"line":46,"column":10},"end":{"line":46,"column":null}},"23":{"start":{"line":48,"column":4},"end":{"line":48,"column":18}},"24":{"start":{"line":52,"column":13},"end":{"line":60,"column":2}},"25":{"start":{"line":53,"column":52},"end":{"line":59,"column":null}},"26":{"start":{"line":54,"column":16},"end":{"line":56,"column":null}},"27":{"start":{"line":54,"column":10},"end":{"line":56,"column":null}},"28":{"start":{"line":58,"column":4},"end":{"line":58,"column":18}}},"fnMap":{"0":{"name":"(anonymous_14)","decl":{"start":{"line":11,"column":35},"end":{"line":11,"column":42}},"loc":{"start":{"line":11,"column":69},"end":{"line":18,"column":2}}},"1":{"name":"(anonymous_15)","decl":{"start":{"line":11,"column":69},"end":{"line":11,"column":null}},"loc":{"start":{"line":11,"column":69},"end":{"line":18,"column":2}}},"2":{"name":"(anonymous_17)","decl":{"start":{"line":21,"column":2},"end":{"line":21,"column":null}},"loc":{"start":{"line":23,"column":17},"end":{"line":34,"column":null}}},"3":{"name":"(anonymous_18)","decl":{"start":{"line":23,"column":17},"end":{"line":23,"column":null}},"loc":{"start":{"line":23,"column":17},"end":{"line":34,"column":null}}},"4":{"name":"(anonymous_20)","decl":{"start":{"line":38,"column":2},"end":{"line":38,"column":null}},"loc":{"start":{"line":44,"column":17},"end":{"line":49,"column":null}}},"5":{"name":"(anonymous_21)","decl":{"start":{"line":44,"column":17},"end":{"line":44,"column":null}},"loc":{"start":{"line":44,"column":17},"end":{"line":49,"column":null}}},"6":{"name":"(anonymous_23)","decl":{"start":{"line":53,"column":2},"end":{"line":53,"column":9}},"loc":{"start":{"line":53,"column":52},"end":{"line":59,"column":null}}},"7":{"name":"(anonymous_24)","decl":{"start":{"line":53,"column":52},"end":{"line":53,"column":null}},"loc":{"start":{"line":53,"column":52},"end":{"line":59,"column":null}}}},"branchMap":{"0":{"loc":{"start":{"line":12,"column":18},"end":{"line":15,"column":null}},"type":"switch","locations":[{"start":{"line":12,"column":18},"end":{"line":15,"column":null}}]},"1":{"loc":{"start":{"line":25,"column":17},"end":{"line":27,"column":null}},"type":"switch","locations":[{"start":{"line":25,"column":17},"end":{"line":27,"column":null}}]},"2":{"loc":{"start":{"line":29,"column":4},"end":{"line":29,"column":49}},"type":"if","locations":[{"start":{"line":29,"column":4},"end":{"line":29,"column":49}}]},"3":{"loc":{"start":{"line":46,"column":16},"end":{"line":46,"column":null}},"type":"switch","locations":[{"start":{"line":46,"column":16},"end":{"line":46,"column":null}}]},"4":{"loc":{"start":{"line":54,"column":16},"end":{"line":56,"column":null}},"type":"switch","locations":[{"start":{"line":54,"column":16},"end":{"line":56,"column":null}}]}},"s":{"0":1,"1":1,"2":1,"3":1,"4":1,"5":1,"6":0,"7":0,"8":0,"9":0,"10":1,"11":0,"12":0,"13":0,"14":0,"15":0,"16":0,"17":0,"18":0,"19":1,"20":0,"21":0,"22":0,"23":0,"24":1,"25":0,"26":0,"27":0,"28":0},"f":{"0":0,"1":0,"2":0,"3":0,"4":0,"5":0,"6":0,"7":0},"b":{"0":[0],"1":[0],"2":[0],"3":[0],"4":[0]}}
[...]
lumn":13},"end":{"line":41,"column":24}},"31":{"start":{"line":46,"column":33},"end":{"line":56,"column":2}},"32":{"start":{"line":46,"column":59},"end":{"line":56,"column":2}},"33":{"start":{"line":47,"column":8},"end":{"line":47,"column":51}},"34":{"start":{"line":49,"column":2},"end":{"line":49,"column":53}},"35":{"start":{"line":49,"column":20},"end":{"line":49,"column":53}},"36":{"start":{"line":51,"column":15},"end":{"line":53,"column":null}},"37":{"start":{"line":51,"column":8},"end":{"line":53,"column":null}},"38":{"start":{"line":55,"column":2},"end":{"line":55,"column":14}},"39":{"start":{"line":46,"column":13},"end":{"line":46,"column":33}}},"fnMap":{"0":{"name":"(anonymous_14)","decl":{"start":{"line":7,"column":24},"end":{"line":7,"column":null}},"loc":{"start":{"line":9,"column":31},"end":{"line":14,"column":2}}},"1":{"name":"(anonymous_15)","decl":{"start":{"line":9,"column":31},"end":{"line":9,"column":null}},"loc":{"start":{"line":9,"column":31},"end":{"line":14,"column":2}}},"2":{"name":"(anonymous_17)","decl":{"start":{"line":16,"column":22},"end":{"line":16,"column":null}},"loc":{"start":{"line":17,"column":58},"end":{"line":20,"column":2}}},"3":{"name":"(anonymous_18)","decl":{"start":{"line":17,"column":58},"end":{"line":17,"column":null}},"loc":{"start":{"line":17,"column":58},"end":{"line":20,"column":2}}},"4":{"name":"(anonymous_20)","decl":{"start":{"line":22,"column":28},"end":{"line":22,"column":null}},"loc":{"start":{"line":23,"column":58},"end":{"line":33,"column":2}}},"5":{"name":"(anonymous_21)","decl":{"start":{"line":23,"column":58},"end":{"line":23,"column":null}},"loc":{"start":{"line":23,"column":58},"end":{"line":33,"column":2}}},"6":{"name":"(anonymous_23)","decl":{"start":{"line":35,"column":27},"end":{"line":35,"column":34}},"loc":{"start":{"line":35,"column":47},"end":{"line":39,"column":2}}},"7":{"name":"(anonymous_24)","decl":{"start":{"line":35,"column":47},"end":{"line":35,"column":null}},"loc":{"start":{"line":35,"column":47},"end":{"line":39,"column":2}}},"8":{"name":"(anonymous_26)","decl":{"start":{"line":41,"column":24},"end":{"line":41,"column":31}},"loc":{"start":{"line":41,"column":41},"end":{"line":44,"column":2}}},"9":{"name":"(anonymous_27)","decl":{"start":{"line":41,"column":41},"end":{"line":41,"column":null}},"loc":{"start":{"line":41,"column":41},"end":{"line":44,"column":2}}},"10":{"name":"(anonymous_29)","decl":{"start":{"line":46,"column":33},"end":{"line":46,"column":40}},"loc":{"start":{"line":46,"column":59},"end":{"line":56,"column":2}}},"11":{"name":"(anonymous_30)","decl":{"start":{"line":46,"column":59},"end":{"line":46,"column":null}},"loc":{"start":{"line":46,"column":59},"end":{"line":56,"column":2}}}},"branchMap":{"0":{"loc":{"start":{"line":11,"column":15},"end":{"line":11,"column":null}},"type":"switch","locations":[{"start":{"line":11,"column":15},"end":{"line":11,"column":null}}]},"1":{"loc":{"start":{"line":25,"column":15},"end":{"line":31,"column":null}},"type":"switch","locations":[{"start":{"line":25,"column":15},"end":{"line":31,"column":null}}]},"2":{"loc":{"start":{"line":36,"column":15},"end":{"line":36,"column":null}},"type":"switch","locations":[{"start":{"line":36,"column":15},"end":{"line":36,"column":null}}]},"3":{"loc":{"start":{"line":42,"column":15},"end":{"line":42,"column":null}},"type":"switch","locations":[{"start":{"line":42,"column":15},"end":{"line":42,"column":null}}]},"4":{"loc":{"start":{"line":49,"column":2},"end":{"line":49,"column":53}},"type":"if","locations":[{"start":{"line":49,"column":2},"end":{"line":49,"column":53}}]}},"s":{"0":1,"1":1,"2":1,"3":1,"4":0,"5":0,"6":0,"7":0,"8":1,"9":1,"10":0,"11":0,"12":1,"13":1,"14":0,"15":0,"16":0,"17":0,"18":1,"19":1,"20":0,"21":0,"22":0,"23":0,"24":1,"25":1,"26":0,"27":0,"28":0,"29":0,"30":1,"31":1,"32":0,"33":0,"34":0,"35":0,"36":0,"37":0,"38":0,"39":1},"f":{"0":0,"1":0,"2":0,"3":0,"4":0,"5":0,"6":0,"7":0,"8":0,"9":0,"10":0,"11":0},"b":{"0":[0],"1":[0],"2":[0],"3":[0],"4":[0]}}
,"/Users/lanle98/Desktop/piggies-be/src/modules/user/user.validation.ts": {"path":"/Users/lanle98/Desktop/piggies-be/src/modules/user/user.validation.ts","statementMap":{"0":{"start":{"line":1,"column":0},"end":{"line":1,"column":22}},"1":{"start":{"line":2,"column":0},"end":{"line":2,"column":71}},"2":{"start":{"line":4,"column":13},"end":{"line":11,"column":2}}},"fnMap":{},"branchMap":{},"s":{"0":1,"1":1,"2":1},"f":{},"b":{}}
,"/Users/lanle98/Desktop/piggies-be/src/routes/v1/auth.route.ts": {"path":"/Users/lanle98/Desktop/piggies-be/src/routes/v1/auth.route.ts","statementMap":{"0":{"start":{"line":2,"column":0},"end":{"line":2,"column":30}},"1":{"start":{"line":3,"column":0},"end":{"line":3,"column":44}},"2":{"start":{"line":4,"column":0},"end":{"line":4,"column":62}},"3":{"start":{"line":6,"column":23},"end":{"line":6,"column":39}},"4":{"start":{"line":8,"column":0},"end":{"line":8,"column":60}},"5":{"start":{"line":10,"column":0},"end":{"line":15,"column":2}},"6":{"start":{"line":17,"column":0},"end":{"line":21,"column":2}},"7":{"start":{"line":23,"column":0},"end":{"line":23,"column":22}}},"fnMap":{},"branchMap":{},"s":{"0":1,"1":1,"2":1,"3":1,"4":1,"5":1,"6":1,"7":1},"f":{},"b":{}}
,"/Users/lanle98/Desktop/piggies-be/src/routes/v1/category.route.ts": {"path":"/Users/lanle98/Desktop/piggies-be/src/routes/v1/category.route.ts","statementMap":{"0":{"start":{"line":2,"column":0},"end":{"line":2,"column":30}},"1":{"start":{"line":3,"column":0},"end":{"line":3,"column":44}},"2":{"start":{"line":4,"column":0},"end":{"line":4,"column":36}},"3":{"start":{"line":5,"column":0},"end":{"line":5,"column":74}},"4":{"start":{"line":7,"column":23},"end":{"line":7,"column":39}},"5":{"start":{"line":9,"column":0},"end":{"line":16,"column":4}},"6":{"start":{"line":18,"column":0},"end":{"line":25,"column":43}},"7":{"start":{"line":27,"column":0},"end":{"line":27,"column":22}}},"fnMap":{},"branchMap":{},"s":{"0":1,"1":1,"2":1,"3":1,"4":1,"5":1,"6":1,"7":1},"f":{},"b":{}}
,"/Users/lanle98/Desktop/piggies-be/src/routes/v1/history.route.ts": {"path":"/Users/lanle98/Desktop/piggies-be/src/routes/v1/history.route.ts","statementMap":{"0":{"start":{"line":2,"column":0},"end":{"line":2,"column":30}},"1":{"start":{"line":3,"column":0},"end":{"line":3,"column":44}},"2":{"start":{"line":4,"column":0},"end":{"line":4,"column":36}},"3":{"start":{"line":5,"column":0},"end":{"line":5,"column":71}},"4":{"start":{"line":7,"column":23},"end":{"line":7,"column":39}},"5":{"start":{"line":9,"column":0},"end":{"line":11,"column":77}},"6":{"start":{"line":13,"column":0},"end":{"line":13,"column":69}},"7":{"start":{"line":15,"column":0},"end":{"line":15,"column":22}}},"fnMap":{},"branchMap":{},"s":{"0":1,"1":1,"2":1,"3":1,"4":1,"5":1,"6":1,"7":1},"f":{},"b":{}}
,"/Users/lanle98/Desktop/piggies-be/src/routes/v1/index.ts": {"path":"/Users/lanle98/Desktop/piggies-be/src/routes/v1/index.ts","statementMap":{"0":{"start":{"line":1,"column":0},"end":{"line":1,"column":30}},"1":{"start":{"line":3,"column":0},"end":{"line":3,"column":30}},"2":{"start":{"line":5,"column":0},"end":{"line":5,"column":37}},"3":{"start":{"line":6,"column":0},"end":{"line":6,"column":45}},"4":{"start":{"line":7,"column":0},"end":{"line":7,"column":43}},"5":{"start":{"line":8,"column":0},"end":{"line":8,"column":41}},"6":{"start":{"line":9,"column":0},"end":{"line":9,"column":35}},"7":{"start":{"line":10,"column":0},"end":{"line":10,"column":40}},"8":{"start":{"line":11,"column":0},"end":{"line":11,"column":51}},"9":{"start":{"line":12,"column":0},"end":{"line":12,"column":37}},"10":{"start":{"line":14,"column":17},"end":{"line":14,"column":33}},"11":{"start":{"line":21,"column":32},"end":{"line":50,"column":2}},"12":{"start":{"line":52,"column":28},"end":{"line":58,"column":2}},"13":{"start":{"line":60,"column":0},"end":{"line":62,"column":3}},"14":{"start":{"line":61,"column":2},"end":{"line":61,"column":40}},"15":{"start":{"line":72,"column":0},"end":{"line":72,"column":24}}},"fnMap":{"0":{"name":"(anonymous_1)","decl":{"start":{"line":60,"column":22},"end":{"line":60,"column":23}},"loc":{"start":{"line":60,"column":28},"end":{"line":62,"column":1}}}},"branchMap":{},"s":{"0":1,"1":1,"2":1,"3":1,"4":1,"5":1,"6":1,"7":1,"8":1,"9":1,"10":1,"11":1,"12":1,"13":1,"14":7,"15":1},"f":{"0":7},"b":{}}
,"/Users/lanle98/Desktop/piggies-be/src/routes/v1/period.route.ts": {"path":"/Users/lanle98/Desktop/piggies-be/src/routes/v1/period.route.ts","statementMap":{"0":{"start":{"line":2,"column":0},"end":{"line":2,"column":30}},"1":{"start":{"line":3,"column":0},"end":{"line":3,"column":44}},"2":{"start":{"line":4,"column":0},"end":{"line":4,"column":36}},"3":{"start":{"line":5,"column":0},"end":{"line":5,"column":68}},"4":{"start":{"line":7,"column":23},"end":{"line":7,"column":39}},"5":{"start":{"line":9,"column":0},"end":{"line":16,"column":4}},"6":{"start":{"line":18,"column":0},"end":{"line":22,"column":41}},"7":{"start":{"line":24,"column":0},"end":{"line":24,"column":22}}},"fnMap":{},"branchMap":{},"s":{"0":1,"1":1,"2":1,"3":1,"4":1,"5":1,"6":1,"7":1},"f":{},"b":{}}
,"/Users/lanle98/Desktop/piggies-be/src/routes/v1/pig.route.ts": {"path":"/Users/lanle98/Desktop/piggies-be/src/routes/v1/pig.route.ts","statementMap":{"0":{"start":{"line":2,"column":0},"end":{"line":2,"column":30}},"1":{"start":{"line":3,"column":0},"end":{"line":3,"column":44}},"2":{"start":{"line":4,"column":0},"end":{"line":4,"column":36}},"3":{"start":{"line":5,"column":0},"end":{"line":5,"column":59}},"4":{"start":{"line":7,"column":23},"end":{"line":7,"column":39}},"5":{"start":{"line":9,"column":0},"end":{"line":12,"column":75}},"6":{"start":{"line":14,"column":0},"end":{"line":17,"column":38}},"7":{"start":{"line":19,"column":0},"end":{"line":19,"column":22}}},"fnMap":{},"branchMap":{},"s":{"0":1,"1":1,"2":1,"3":1,"4":1,"5":1,"6":1,"7":1},"f":{},"b":{}}
,"/Users/lanle98/Desktop/piggies-be/src/routes/v1/swagger.route.ts": {"path":"/Users/lanle98/Desktop/piggies-be/src/routes/v1/swagger.route.ts","statementMap":{"0":{"start":{"line":1,"column":0},"end":{"line":1,"column":49}},"1":{"start":{"line":2,"column":0},"end":{"line":2,"column":30}},"2":{"start":{"line":3,"column":0},"end":{"line":3,"column":41}},"3":{"start":{"line":4,"column":0},"end":{"line":4,"column":43}},"4":{"start":{"line":6,"column":15},"end":{"line":6,"column":31}},"5":{"start":{"line":8,"column":14},"end":{"line":11,"column":2}},"6":{"start":{"line":13,"column":0},"end":{"line":13,"column":33}},"7":{"start":{"line":14,"column":0},"end":{"line":19,"column":2}},"8":{"start":{"line":21,"column":0},"end":{"line":21,"column":22}}},"fnMap":{},"branchMap":{},"s":{"0":1,"1":1,"2":1,"3":1,"4":1,"5":1,"6":1,"7":1,"8":1},"f":{},"b":{}}
,"/Users/lanle98/Desktop/piggies-be/src/routes/v1/transaction.route.ts": {"path":"/Users/lanle98/Desktop/piggies-be/src/routes/v1/transaction.route.ts","statementMap":{"0":{"start":{"line":2,"column":0},"end":{"line":2,"column":30}},"1":{"start":{"line":3,"column":0},"end":{"line":3,"column":44}},"2":{"start":{"line":4,"column":0},"end":{"line":4,"column":36}},"3":{"start":{"line":5,"column":0},"end":{"line":5,"column":null}},"4":{"start":{"line":10,"column":23},"end":{"line":10,"column":39}},"5":{"start":{"line":12,"column":0},"end":{"line":23,"column":4}},"6":{"start":{"line":25,"column":0},"end":{"line":33,"column":46}},"7":{"start":{"line":35,"column":0},"end":{"line":35,"column":22}}},"fnMap":{},"branchMap":{},"s":{"0":1,"1":1,"2":1,"3":1,"4":1,"5":1,"6":1,"7":1},"f":{},"b":{}}
,"/Users/lanle98/Desktop/piggies-be/src/routes/v1/user.route.ts": {"path":"/Users/lanle98/Desktop/piggies-be/src/routes/v1/user.route.ts","statementMap":{"0":{"start":{"line":2,"column":0},"end":{"line":2,"column":30}},"1":{"start":{"line":3,"column":0},"end":{"line":3,"column":44}},"2":{"start":{"line":4,"column":0},"end":{"line":4,"column":36}},"3":{"start":{"line":5,"column":0},"end":{"line":5,"column":62}},"4":{"start":{"line":7,"column":23},"end":{"line":7,"column":39}},"5":{"start":{"line":9,"column":0},"end":{"line":11,"column":71}},"6":{"start":{"line":13,"column":0},"end":{"line":13,"column":22}}},"fnMap":{},"branchMap":{},"s":{"0":1,"1":1,"2":1,"3":1,"4":1,"5":1,"6":1},"f":{},"b":{}}
,"/Users/lanle98/Desktop/piggies-be/src/test/setup.ts": {"path":"/Users/lanle98/Desktop/piggies-be/src/test/setup.ts","statementMap":{"0":{"start":{"line":1,"column":0},"end":{"line":1,"column":45}},"1":{"start":{"line":2,"column":0},"end":{"line":2,"column":28}},"2":{"start":{"line":4,"column":13},"end":{"line":7,"column":2}}},"fnMap":{},"branchMap":{},"s":{"0":1,"1":1,"2":1},"f":{},"b":{}}
,"/Users/lanle98/Desktop/piggies-be/src/utils/catchAsync.ts": {"path":"/Users/lanle98/Desktop/piggies-be/src/utils/catchAsync.ts","statementMap":{"0":{"start":{"line":2,"column":0},"end":{"line":2,"column":48}},"1":{"start":{"line":3,"column":0},"end":{"line":3,"column":50}},"2":{"start":{"line":6,"column":2},"end":{"line":6,"column":16}},"3":{"start":{"line":6,"column":15},"end":{"line":15,"column":4}},"4":{"start":{"line":7,"column":4},"end":{"line":14,"column":7}},"5":{"start":{"line":8,"column":6},"end":{"line":11,"column":null}},"6":{"start":{"line":9,"column":8},"end":{"line":9,"column":65}},"7":{"start":{"line":10,"column":8},"end":{"line":10,"column":15}},"8":{"start":{"line":13,"column":6},"end":{"line":13,"column":16}},"9":{"start":{"line":17,"column":0},"end":{"line":17,"column":26}}},"fnMap":{"0":{"name":"(anonymous_1)","decl":{"start":{"line":6,"column":2},"end":{"line":6,"column":3}},"loc":{"start":{"line":6,"column":10},"end":{"line":6,"column":16}}},"1":{"name":"(anonymous_2)","decl":{"start":{"line":6,"column":15},"end":{"line":6,"column":16}},"loc":{"start":{"line":6,"column":63},"end":{"line":15,"column":3}}},"2":{"name":"(anonymous_3)","decl":{"start":{"line":7,"column":46},"end":{"line":7,"column":47}},"loc":{"start":{"line":7,"column":50},"end":{"line":14,"column":5}}}},"branchMap":{"0":{"loc":{"start":{"line":8,"column":6},"end":{"line":11,"column":null}},"type":"if","locations":[{"start":{"line":8,"column":6},"end":{"line":11,"column":null}}]}},"s":{"0":1,"1":1,"2":1,"3":28,"4":3,"5":0,"6":0,"7":0,"8":0,"9":1},"f":{"0":28,"1":3,"2":0},"b":{"0":[0]}}
,"/Users/lanle98/Desktop/piggies-be/src/utils/index.ts": {"path":"/Users/lanle98/Desktop/piggies-be/src/utils/index.ts","statementMap":{"0":{"start":{"line":1,"column":0},"end":{"line":1,"column":28}},"1":{"start":{"line":5,"column":4},"end":{"line":5,"column":82}},"2":{"start":{"line":7,"column":4},"end":{"line":7,"column":82}},"3":{"start":{"line":8,"column":2},"end":{"line":10,"column":null}},"4":{"start":{"line":8,"column":15},"end":{"line":8,"column":16}},"5":{"start":{"line":8,"column":22},"end":{"line":8,"column":33}},"6":{"start":{"line":9,"column":4},"end":{"line":9,"column":70}},"7":{"start":{"line":12,"column":2},"end":{"line":16,"column":26}},"8":{"start":{"line":18,"column":2},"end":{"line":18,"column":16}},"9":{"start":{"line":3,"column":0},"end":{"line":3,"column":16}},"10":{"start":{"line":21,"column":31},"end":{"line":37,"column":1}},"11":{"start":{"line":22,"column":15},"end":{"line":22,"column":34}},"12":{"start":{"line":23,"column":2},"end":{"line":31,"column":5}},"13":{"start":{"line":24,"column":4},"end":{"line":26,"column":null}},"14":{"start":{"line":25,"column":6},"end":{"line":25,"column":16}},"15":{"start":{"line":27,"column":4},"end":{"line":29,"column":null}},"16":{"start":{"line":28,"column":6},"end":{"line":28,"column":15}},"17":{"start":{"line":30,"column":4},"end":{"line":30,"column":30}},"18":{"start":{"line":32,"column":44},"end":{"line":32,"column":46}},"19":{"start":{"line":33,"column":2},"end":{"line":35,"column":5}},"20":{"start":{"line":34,"column":4},"end":{"line":34,"column":36}},"21":{"start":{"line":36,"column":2},"end":{"line":36,"column":22}},"22":{"start":{"line":21,"column":13},"end":{"line":21,"column":31}},"23":{"start":{"line":42,"column":2},"end":{"line":63,"column":null}},"24":{"start":{"line":43,"column":4},"end":{"line":43,"column":26}},"25":{"start":{"line":43,"column":16},"end":{"line":43,"column":26}},"26":{"start":{"line":45,"column":4},"end":{"line":47,"column":null}},"27":{"start":{"line":46,"column":6},"end":{"line":46,"column":29}},"28":{"start":{"line":49,"column":4},"end":{"line":51,"column":null}},"29":{"start":{"line":50,"column":6},"end":{"line":50,"column":33}},"30":{"start":{"line":52,"column":4},"end":{"line":54,"column":null}},"31":{"start":{"line":53,"column":6},"end":{"line":53,"column":18}},"32":{"start":{"line":55,"column":4},"end":{"line":57,"column":null}},"33":{"start":{"line":56,"column":6},"end":{"line":56,"column":19}},"34":{"start":{"line":58,"column":4},"end":{"line":60,"column":null}},"35":{"start":{"line":59,"column":6},"end":{"line":59,"column":31}},"36":{"start":{"line":64,"column":2},"end":{"line":64,"column":15}},"37":{"start":{"line":39,"column":0},"end":{"line":39,"column":16}}},"fnMap":{"0":{"name":"removeDiacritics","decl":{"start":{"line":3,"column":16},"end":{"line":3,"column":32}},"loc":{"start":{"line":3,"column":47},"end":{"line":19,"column":1}}},"1":{"name":"(anonymous_2)","decl":{"start":{"line":21,"column":31},"end":{"line":21,"column":32}},"loc":{"start":{"line":21,"column":59},"end":{"line":37,"column":1}}},"2":{"name":"(anonymous_3)","decl":{"start":{"line":23,"column":12},"end":{"line":23,"column":13}},"loc":{"start":{"line":23,"column":17},"end":{"line":31,"column":3}}},"3":{"name":"(anonymous_4)","decl":{"start":{"line":33,"column":15},"end":{"line":33,"column":16}},"loc":{"start":{"line":33,"column":19},"end":{"line":35,"column":3}}},"4":{"name":"convertStringToType","decl":{"start":{"line":39,"column":16},"end":{"line":39,"column":35}},"loc":{"start":{"line":40,"column":15},"end":{"line":65,"column":1}}}},"branchMap":{"0":{"loc":{"start":{"line":9,"column":35},"end":{"line":9,"column":48}},"type":"binary-expr","locations":[{"start":{"line":9,"column":35},"end":{"line":9,"column":42}},{"start":{"line":9,"column":46},"end":{"line":9,"column":48}}]},"1":{"loc":{"start":{"line":9,"column":57},"end":{"line":9,"column":68}},"type":"binary-expr","locations":[{"start":{"line":9,"column":57},"end":{"line":9,"column":62}},{"start":{"line":9,"column":66},"end":{"line":9,"column":68}}]},"2":{"loc":{"start":{"line":24,"column":4},"end":{"line":26,"column":null}},"type":"if","locations":[{"start":{"line":24,"column":4},"end":{"line":26,"column":null}}]},"3":{"loc":{"start":{"line":27,"column":4},"end":{"line":29,"column":null}},"type":"if","locations":[{"start":{"line":27,"column":4},"end":{"line":29,"column":null}}]},"4":{"loc":{"start":{"line":43,"column":4},"end":{"line":43,"column":26}},"type":"if","locations":[{"start":{"line":43,"column":4},"end":{"line":43,"column":26}}]},"5":{"loc":{"start":{"line":45,"column":4},"end":{"line":47,"column":null}},"type":"if","locations":[{"start":{"line":45,"column":4},"end":{"line":47,"column":null}}]},"6":{"loc":{"start":{"line":49,"column":4},"end":{"line":51,"column":null}},"type":"if","locations":[{"start":{"line":49,"column":4},"end":{"line":51,"column":null}}]},"7":{"loc":{"start":{"line":52,"column":4},"end":{"line":54,"column":null}},"type":"if","locations":[{"start":{"line":52,"column":4},"end":{"line":54,"column":null}}]},"8":{"loc":{"start":{"line":55,"column":4},"end":{"line":57,"column":null}},"type":"if","locations":[{"start":{"line":55,"column":4},"end":{"line":57,"column":null}}]},"9":{"loc":{"start":{"line":58,"column":4},"end":{"line":60,"column":null}},"type":"if","locations":[{"start":{"line":58,"column":4},"end":{"line":60,"column":null}}]}},"s":{"0":2,"1":3,"2":3,"3":3,"4":3,"5":3,"6":228,"7":3,"8":3,"9":2,"10":2,"11":3,"12":3,"13":5,"14":1,"15":4,"16":1,"17":3,"18":3,"19":3,"20":5,"21":3,"22":2,"23":6,"24":6,"25":0,"26":6,"27":1,"28":5,"29":1,"30":4,"31":1,"32":3,"33":1,"34":2,"35":1,"36":1,"37":2},"f":{"0":3,"1":3,"2":5,"3":5,"4":6},"b":{"0":[228,0],"1":[228,0],"2":[1],"3":[1],"4":[0],"5":[1],"6":[1],"7":[1],"8":[1],"9":[1]}}
}
