TN:
SF:src/middlewares/paginate/paginate.ts
FN:6,paginateFilter
FN:37,paginate
FNF:2
FNH:2
FNDA:12,paginateFilter
FNDA:2,paginate
DA:1,1
DA:2,1
DA:3,1
DA:4,1
DA:5,1
DA:6,1
DA:7,12
DA:8,12
DA:9,15
DA:10,15
DA:11,9
DA:12,9
DA:13,9
DA:14,2
DA:15,2
DA:16,2
DA:17,7
DA:18,9
DA:19,2
DA:20,2
DA:21,2
DA:22,2
DA:23,2
DA:24,5
DA:25,5
DA:26,5
DA:27,5
DA:28,5
DA:29,15
DA:30,6
DA:31,6
DA:32,12
DA:33,12
DA:34,12
DA:35,12
DA:36,1
DA:37,1
DA:38,2
DA:39,2
DA:40,2
DA:41,2
DA:42,2
DA:43,2
DA:44,2
DA:45,2
DA:46,2
DA:47,2
DA:48,2
DA:49,2
DA:50,2
DA:51,2
DA:52,2
DA:53,2
DA:54,2
DA:55,2
DA:56,2
DA:57,2
DA:58,2
DA:59,2
DA:60,2
DA:61,2
DA:62,2
DA:63,2
DA:64,2
DA:65,2
DA:66,2
DA:67,2
DA:68,2
DA:69,2
DA:70,2
DA:71,2
DA:72,2
DA:73,2
DA:74,1
DA:75,1
LF:75
LH:75
BRDA:6,0,0,12
BRDA:8,1,0,15
BRDA:10,2,0,9
BRDA:10,3,0,9
BRDA:13,4,0,2
BRDA:17,5,0,7
BRDA:18,6,0,2
BRDA:24,7,0,5
BRDA:29,8,0,6
BRDA:37,9,0,2
BRDA:41,10,0,2
BRDA:42,11,0,1
BRDA:42,12,0,1
BRDA:44,13,0,0
BRDA:45,14,0,0
BRDA:46,15,0,0
BRDA:51,16,0,0
BRDA:64,17,0,0
BRF:18
BRH:13
end_of_record
TN:
SF:src/utils/index.ts
FN:3,removeDiacritics
FN:21,sortWithIdOnTop
FN:39,convertStringToType
FNF:3
FNH:1
FNDA:0,removeDiacritics
FNDA:0,sortWithIdOnTop
FNDA:12,convertStringToType
DA:1,1
DA:2,1
DA:3,0
DA:4,0
DA:5,0
DA:6,0
DA:7,0
DA:8,0
DA:9,0
DA:10,0
DA:11,0
DA:12,0
DA:13,0
DA:14,0
DA:15,0
DA:16,0
DA:17,0
DA:18,0
DA:19,0
DA:20,1
DA:21,1
DA:22,0
DA:23,0
DA:24,0
DA:25,0
DA:26,0
DA:27,0
DA:28,0
DA:29,0
DA:30,0
DA:31,0
DA:32,0
DA:33,0
DA:34,0
DA:35,0
DA:36,0
DA:37,0
DA:38,1
DA:39,12
DA:40,12
DA:41,12
DA:42,12
DA:43,12
DA:44,12
DA:45,12
DA:46,4
DA:47,4
DA:48,8
DA:49,12
DA:50,2
DA:51,2
DA:52,6
DA:53,12
DA:54,3
DA:55,3
DA:56,12
DA:57,0
DA:58,0
DA:59,12
DA:60,0
DA:61,0
DA:62,12
DA:63,0
DA:64,0
DA:65,12
DA:66,3
DA:67,3
DA:68,3
DA:69,3
LF:69
LH:30
BRDA:39,0,0,12
BRDA:43,1,0,0
BRDA:45,2,0,4
BRDA:48,3,0,8
BRDA:49,4,0,2
BRDA:52,5,0,6
BRDA:53,6,0,3
BRDA:56,7,0,0
BRDA:59,8,0,3
BRDA:59,9,0,0
BRDA:62,10,0,3
BRDA:62,11,0,0
BRDA:65,12,0,3
BRF:13
BRH:9
end_of_record
